<?xml version="1.0" encoding="UTF-8"?>
<robot generator="Robot 6.0 (Python 3.11.0 on win32)" generated="20221115 10:57:08.160" rpa="false" schemaversion="3">
<suite id="s1" name="Tests" source="C:\Users\ett20521\PycharmProjects\RobotFramework\amazonTest\tests">
<suite id="s1-s1" name="AmazonBestSellerTest" source="C:\Users\ett20521\PycharmProjects\RobotFramework\amazonTest\tests\AmazonBestSellerTest.robot">
<test id="s1-s1-t1" name="Verify user is able to naviage to the Amazon main page" line="12">
<kw name="Start Web Test" library="Common" type="SETUP">
<kw name="Open Browser" library="SeleniumLibrary">
<arg>about:blank</arg>
<arg>${BROWSER}</arg>
<doc>Opens a new browser instance to the optional ``url``.</doc>
<msg timestamp="20221115 10:57:08.325" level="INFO">Opening browser 'chrome' to base url 'about:blank'.</msg>
<status status="PASS" starttime="20221115 10:57:08.325" endtime="20221115 10:57:09.610"/>
</kw>
<kw name="Maximize Browser Window" library="SeleniumLibrary">
<doc>Maximizes current browser window.</doc>
<status status="PASS" starttime="20221115 10:57:09.610" endtime="20221115 10:57:09.727"/>
</kw>
<status status="PASS" starttime="20221115 10:57:08.325" endtime="20221115 10:57:09.727"/>
</kw>
<kw name="Page Load By Global User" library="Common">
<kw name="Go To" library="SeleniumLibrary">
<arg>${URL.${ENVIRONMENT}}</arg>
<doc>Navigates the current browser window to the provided ``url``.</doc>
<msg timestamp="20221115 10:57:09.727" level="INFO">Opening url 'https://www.amazon.de/-/en/ref=nav_logo'</msg>
<status status="PASS" starttime="20221115 10:57:09.727" endtime="20221115 10:57:10.746"/>
</kw>
<kw name="Wait Until Page Contains" library="SeleniumLibrary">
<arg>${HELLO_EXPECTED_TEXT}</arg>
<doc>Waits until ``text`` appears on the current page.</doc>
<status status="PASS" starttime="20221115 10:57:10.746" endtime="20221115 10:57:10.775"/>
</kw>
<kw name="Get Text" library="SeleniumLibrary">
<var>${helloActualText}</var>
<arg>${HELLO_ELEMENT}</arg>
<doc>Returns the text value of the element identified by ``locator``.</doc>
<msg timestamp="20221115 10:57:10.803" level="INFO">${helloActualText} = Hello, sign in</msg>
<status status="PASS" starttime="20221115 10:57:10.776" endtime="20221115 10:57:10.803"/>
</kw>
<kw name="Should Be Equal" library="BuiltIn">
<arg>${helloActualText}</arg>
<arg>${HELLO_EXPECTED_TEXT}</arg>
<doc>Fails if the given objects are unequal.</doc>
<status status="PASS" starttime="20221115 10:57:10.803" endtime="20221115 10:57:10.803"/>
</kw>
<kw name="Click Button" library="SeleniumLibrary">
<arg>${ACCEPT_COOKIES}</arg>
<doc>Clicks the button identified by ``locator``.</doc>
<msg timestamp="20221115 10:57:10.803" level="INFO">Clicking button 'id=sp-cc-accept'.</msg>
<status status="PASS" starttime="20221115 10:57:10.803" endtime="20221115 10:57:10.896"/>
</kw>
<kw name="Sleep" library="BuiltIn">
<arg>2s</arg>
<doc>Pauses the test executed for the given time.</doc>
<msg timestamp="20221115 10:57:12.897" level="INFO">Slept 2 seconds</msg>
<status status="PASS" starttime="20221115 10:57:10.896" endtime="20221115 10:57:12.897"/>
</kw>
<status status="PASS" starttime="20221115 10:57:09.727" endtime="20221115 10:57:12.897"/>
</kw>
<kw name="Navigate to best sellers" library="BestSellers">
<kw name="Click Link" library="SeleniumLibrary">
<arg>Best Sellers</arg>
<doc>Clicks a link identified by ``locator``.</doc>
<msg timestamp="20221115 10:57:12.897" level="INFO">Clicking link 'Best Sellers'.</msg>
<status status="PASS" starttime="20221115 10:57:12.897" endtime="20221115 10:57:13.931"/>
</kw>
<kw name="Wait Until Page Contains" library="SeleniumLibrary">
<arg>Best Sellers</arg>
<doc>Waits until ``text`` appears on the current page.</doc>
<status status="PASS" starttime="20221115 10:57:13.931" endtime="20221115 10:57:13.956"/>
</kw>
<kw name="Sleep" library="BuiltIn">
<arg>2s</arg>
<doc>Pauses the test executed for the given time.</doc>
<msg timestamp="20221115 10:57:15.957" level="INFO">Slept 2 seconds</msg>
<status status="PASS" starttime="20221115 10:57:13.956" endtime="20221115 10:57:15.957"/>
</kw>
<status status="PASS" starttime="20221115 10:57:12.897" endtime="20221115 10:57:15.957"/>
</kw>
<kw name="Verify six items displayed on Best Sellers in Sports &amp; Outdoors category" library="BestSellers">
<kw name="Scroll Element Into View" library="SeleniumLibrary">
<arg>${BS_SPORTS}</arg>
<doc>Scrolls the element identified by ``locator`` into view.</doc>
<status status="PASS" starttime="20221115 10:57:15.957" endtime="20221115 10:57:16.253"/>
</kw>
<kw name="Get the count and compare" library="BestSellers">
<arg>${BS_SPORTS}</arg>
<kw name="Get Element Count" library="SeleniumLibrary">
<var>${element_count}</var>
<arg>${ELEMENT}/ol/li</arg>
<doc>Returns the number of elements matching ``locator``.</doc>
<msg timestamp="20221115 10:57:16.253" level="INFO">${element_count} = 6</msg>
<status status="PASS" starttime="20221115 10:57:16.253" endtime="20221115 10:57:16.253"/>
</kw>
<kw name="Convert To String" library="BuiltIn">
<var>${count}</var>
<arg>${element_count}</arg>
<doc>Converts the given item to a Unicode string.</doc>
<msg timestamp="20221115 10:57:16.253" level="INFO">${count} = 6</msg>
<status status="PASS" starttime="20221115 10:57:16.253" endtime="20221115 10:57:16.253"/>
</kw>
<kw name="Should Be Equal" library="BuiltIn">
<arg>${count}</arg>
<arg>6</arg>
<doc>Fails if the given objects are unequal.</doc>
<status status="PASS" starttime="20221115 10:57:16.253" endtime="20221115 10:57:16.253"/>
</kw>
<status status="PASS" starttime="20221115 10:57:16.253" endtime="20221115 10:57:16.253"/>
</kw>
<status status="PASS" starttime="20221115 10:57:15.957" endtime="20221115 10:57:16.253"/>
</kw>
<kw name="End Web Test" library="Common" type="TEARDOWN">
<kw name="Close Browser" library="SeleniumLibrary">
<doc>Closes the current browser.</doc>
<status status="PASS" starttime="20221115 10:57:16.269" endtime="20221115 10:57:18.404"/>
</kw>
<status status="PASS" starttime="20221115 10:57:16.269" endtime="20221115 10:57:18.404"/>
</kw>
<doc>This test case verify that any user is able to view the Amazon Best Seller page</doc>
<tag>BestSellerPage</tag>
<tag>Regression</tag>
<tag>Smoke</tag>
<tag>TC_BS_001</tag>
<status status="PASS" starttime="20221115 10:57:08.309" endtime="20221115 10:57:18.404"/>
</test>
<test id="s1-s1-t2" name="Verify user is able see best seller items for Automotive category" line="19">
<kw name="Start Web Test" library="Common" type="SETUP">
<kw name="Open Browser" library="SeleniumLibrary">
<arg>about:blank</arg>
<arg>${BROWSER}</arg>
<doc>Opens a new browser instance to the optional ``url``.</doc>
<msg timestamp="20221115 10:57:18.404" level="INFO">Opening browser 'chrome' to base url 'about:blank'.</msg>
<status status="PASS" starttime="20221115 10:57:18.404" endtime="20221115 10:57:19.618"/>
</kw>
<kw name="Maximize Browser Window" library="SeleniumLibrary">
<doc>Maximizes current browser window.</doc>
<status status="PASS" starttime="20221115 10:57:19.618" endtime="20221115 10:57:19.734"/>
</kw>
<status status="PASS" starttime="20221115 10:57:18.404" endtime="20221115 10:57:19.734"/>
</kw>
<kw name="Page Load By Global User" library="Common">
<kw name="Go To" library="SeleniumLibrary">
<arg>${URL.${ENVIRONMENT}}</arg>
<doc>Navigates the current browser window to the provided ``url``.</doc>
<msg timestamp="20221115 10:57:19.734" level="INFO">Opening url 'https://www.amazon.de/-/en/ref=nav_logo'</msg>
<status status="PASS" starttime="20221115 10:57:19.734" endtime="20221115 10:57:20.577"/>
</kw>
<kw name="Wait Until Page Contains" library="SeleniumLibrary">
<arg>${HELLO_EXPECTED_TEXT}</arg>
<doc>Waits until ``text`` appears on the current page.</doc>
<status status="PASS" starttime="20221115 10:57:20.578" endtime="20221115 10:57:20.625"/>
</kw>
<kw name="Get Text" library="SeleniumLibrary">
<var>${helloActualText}</var>
<arg>${HELLO_ELEMENT}</arg>
<doc>Returns the text value of the element identified by ``locator``.</doc>
<msg timestamp="20221115 10:57:20.702" level="INFO">${helloActualText} = Hello, sign in</msg>
<status status="PASS" starttime="20221115 10:57:20.625" endtime="20221115 10:57:20.702"/>
</kw>
<kw name="Should Be Equal" library="BuiltIn">
<arg>${helloActualText}</arg>
<arg>${HELLO_EXPECTED_TEXT}</arg>
<doc>Fails if the given objects are unequal.</doc>
<status status="PASS" starttime="20221115 10:57:20.702" endtime="20221115 10:57:20.702"/>
</kw>
<kw name="Click Button" library="SeleniumLibrary">
<arg>${ACCEPT_COOKIES}</arg>
<doc>Clicks the button identified by ``locator``.</doc>
<msg timestamp="20221115 10:57:20.703" level="INFO">Clicking button 'id=sp-cc-accept'.</msg>
<status status="PASS" starttime="20221115 10:57:20.702" endtime="20221115 10:57:20.806"/>
</kw>
<kw name="Sleep" library="BuiltIn">
<arg>2s</arg>
<doc>Pauses the test executed for the given time.</doc>
<msg timestamp="20221115 10:57:22.806" level="INFO">Slept 2 seconds</msg>
<status status="PASS" starttime="20221115 10:57:20.806" endtime="20221115 10:57:22.806"/>
</kw>
<status status="PASS" starttime="20221115 10:57:19.734" endtime="20221115 10:57:22.806"/>
</kw>
<kw name="Navigate to best sellers" library="BestSellers">
<kw name="Click Link" library="SeleniumLibrary">
<arg>Best Sellers</arg>
<doc>Clicks a link identified by ``locator``.</doc>
<msg timestamp="20221115 10:57:22.806" level="INFO">Clicking link 'Best Sellers'.</msg>
<status status="PASS" starttime="20221115 10:57:22.806" endtime="20221115 10:57:23.619"/>
</kw>
<kw name="Wait Until Page Contains" library="SeleniumLibrary">
<arg>Best Sellers</arg>
<doc>Waits until ``text`` appears on the current page.</doc>
<status status="PASS" starttime="20221115 10:57:23.619" endtime="20221115 10:57:23.643"/>
</kw>
<kw name="Sleep" library="BuiltIn">
<arg>2s</arg>
<doc>Pauses the test executed for the given time.</doc>
<msg timestamp="20221115 10:57:25.645" level="INFO">Slept 2 seconds</msg>
<status status="PASS" starttime="20221115 10:57:23.644" endtime="20221115 10:57:25.645"/>
</kw>
<status status="PASS" starttime="20221115 10:57:22.806" endtime="20221115 10:57:25.645"/>
</kw>
<kw name="Verify six items displayed on Best Sellers in Automotive category" library="BestSellers">
<kw name="Execute Javascript" library="SeleniumLibrary">
<arg>window.scrollTo(0,1600)</arg>
<doc>Executes the given JavaScript code with possible arguments.</doc>
<msg timestamp="20221115 10:57:25.646" level="INFO">Executing JavaScript:
window.scrollTo(0,1600)
Without any arguments.</msg>
<status status="PASS" starttime="20221115 10:57:25.646" endtime="20221115 10:57:25.669"/>
</kw>
<kw name="Get the count and compare" library="BestSellers">
<arg>${BS_AUTOMOTIVE}</arg>
<kw name="Get Element Count" library="SeleniumLibrary">
<var>${element_count}</var>
<arg>${ELEMENT}/ol/li</arg>
<doc>Returns the number of elements matching ``locator``.</doc>
<msg timestamp="20221115 10:57:25.709" level="INFO">${element_count} = 6</msg>
<status status="PASS" starttime="20221115 10:57:25.669" endtime="20221115 10:57:25.709"/>
</kw>
<kw name="Convert To String" library="BuiltIn">
<var>${count}</var>
<arg>${element_count}</arg>
<doc>Converts the given item to a Unicode string.</doc>
<msg timestamp="20221115 10:57:25.710" level="INFO">${count} = 6</msg>
<status status="PASS" starttime="20221115 10:57:25.709" endtime="20221115 10:57:25.710"/>
</kw>
<kw name="Should Be Equal" library="BuiltIn">
<arg>${count}</arg>
<arg>6</arg>
<doc>Fails if the given objects are unequal.</doc>
<status status="PASS" starttime="20221115 10:57:25.710" endtime="20221115 10:57:25.710"/>
</kw>
<status status="PASS" starttime="20221115 10:57:25.669" endtime="20221115 10:57:25.710"/>
</kw>
<status status="PASS" starttime="20221115 10:57:25.645" endtime="20221115 10:57:25.710"/>
</kw>
<kw name="End Web Test" library="Common" type="TEARDOWN">
<kw name="Close Browser" library="SeleniumLibrary">
<doc>Closes the current browser.</doc>
<status status="PASS" starttime="20221115 10:57:25.711" endtime="20221115 10:57:27.815"/>
</kw>
<status status="PASS" starttime="20221115 10:57:25.710" endtime="20221115 10:57:27.815"/>
</kw>
<doc>This test case verify that any user is able to view the Amazon Best Seller page</doc>
<tag>BestSellerPage</tag>
<tag>Regression</tag>
<tag>Smoke</tag>
<tag>TC_BS_002</tag>
<status status="PASS" starttime="20221115 10:57:18.404" endtime="20221115 10:57:27.815"/>
</test>
<test id="s1-s1-t3" name="Verify user is able see best seller items for Home &amp; Kitchen category" line="26">
<kw name="Start Web Test" library="Common" type="SETUP">
<kw name="Open Browser" library="SeleniumLibrary">
<arg>about:blank</arg>
<arg>${BROWSER}</arg>
<doc>Opens a new browser instance to the optional ``url``.</doc>
<msg timestamp="20221115 10:57:27.815" level="INFO">Opening browser 'chrome' to base url 'about:blank'.</msg>
<status status="PASS" starttime="20221115 10:57:27.815" endtime="20221115 10:57:28.958"/>
</kw>
<kw name="Maximize Browser Window" library="SeleniumLibrary">
<doc>Maximizes current browser window.</doc>
<status status="PASS" starttime="20221115 10:57:28.958" endtime="20221115 10:57:29.070"/>
</kw>
<status status="PASS" starttime="20221115 10:57:27.815" endtime="20221115 10:57:29.070"/>
</kw>
<kw name="Page Load By Global User" library="Common">
<kw name="Go To" library="SeleniumLibrary">
<arg>${URL.${ENVIRONMENT}}</arg>
<doc>Navigates the current browser window to the provided ``url``.</doc>
<msg timestamp="20221115 10:57:29.070" level="INFO">Opening url 'https://www.amazon.de/-/en/ref=nav_logo'</msg>
<status status="PASS" starttime="20221115 10:57:29.070" endtime="20221115 10:57:29.983"/>
</kw>
<kw name="Wait Until Page Contains" library="SeleniumLibrary">
<arg>${HELLO_EXPECTED_TEXT}</arg>
<doc>Waits until ``text`` appears on the current page.</doc>
<status status="PASS" starttime="20221115 10:57:29.983" endtime="20221115 10:57:30.027"/>
</kw>
<kw name="Get Text" library="SeleniumLibrary">
<var>${helloActualText}</var>
<arg>${HELLO_ELEMENT}</arg>
<doc>Returns the text value of the element identified by ``locator``.</doc>
<msg timestamp="20221115 10:57:30.045" level="INFO">${helloActualText} = Hello, sign in</msg>
<status status="PASS" starttime="20221115 10:57:30.027" endtime="20221115 10:57:30.045"/>
</kw>
<kw name="Should Be Equal" library="BuiltIn">
<arg>${helloActualText}</arg>
<arg>${HELLO_EXPECTED_TEXT}</arg>
<doc>Fails if the given objects are unequal.</doc>
<status status="PASS" starttime="20221115 10:57:30.045" endtime="20221115 10:57:30.046"/>
</kw>
<kw name="Click Button" library="SeleniumLibrary">
<arg>${ACCEPT_COOKIES}</arg>
<doc>Clicks the button identified by ``locator``.</doc>
<msg timestamp="20221115 10:57:30.046" level="INFO">Clicking button 'id=sp-cc-accept'.</msg>
<status status="PASS" starttime="20221115 10:57:30.046" endtime="20221115 10:57:30.114"/>
</kw>
<kw name="Sleep" library="BuiltIn">
<arg>2s</arg>
<doc>Pauses the test executed for the given time.</doc>
<msg timestamp="20221115 10:57:32.115" level="INFO">Slept 2 seconds</msg>
<status status="PASS" starttime="20221115 10:57:30.114" endtime="20221115 10:57:32.115"/>
</kw>
<status status="PASS" starttime="20221115 10:57:29.070" endtime="20221115 10:57:32.115"/>
</kw>
<kw name="Navigate to best sellers" library="BestSellers">
<kw name="Click Link" library="SeleniumLibrary">
<arg>Best Sellers</arg>
<doc>Clicks a link identified by ``locator``.</doc>
<msg timestamp="20221115 10:57:32.116" level="INFO">Clicking link 'Best Sellers'.</msg>
<status status="PASS" starttime="20221115 10:57:32.116" endtime="20221115 10:57:33.175"/>
</kw>
<kw name="Wait Until Page Contains" library="SeleniumLibrary">
<arg>Best Sellers</arg>
<doc>Waits until ``text`` appears on the current page.</doc>
<status status="PASS" starttime="20221115 10:57:33.175" endtime="20221115 10:57:33.196"/>
</kw>
<kw name="Sleep" library="BuiltIn">
<arg>2s</arg>
<doc>Pauses the test executed for the given time.</doc>
<msg timestamp="20221115 10:57:35.198" level="INFO">Slept 2 seconds</msg>
<status status="PASS" starttime="20221115 10:57:33.197" endtime="20221115 10:57:35.198"/>
</kw>
<status status="PASS" starttime="20221115 10:57:32.116" endtime="20221115 10:57:35.198"/>
</kw>
<kw name="Verify six items displayed on Best Sellers in Home &amp; Kitchen category" library="BestSellers">
<kw name="Execute Javascript" library="SeleniumLibrary">
<arg>window.scrollTo(0,1600)</arg>
<doc>Executes the given JavaScript code with possible arguments.</doc>
<msg timestamp="20221115 10:57:35.199" level="INFO">Executing JavaScript:
window.scrollTo(0,1600)
Without any arguments.</msg>
<status status="PASS" starttime="20221115 10:57:35.199" endtime="20221115 10:57:35.223"/>
</kw>
<kw name="Get the count and compare" library="BestSellers">
<arg>${BS_HOME}</arg>
<kw name="Get Element Count" library="SeleniumLibrary">
<var>${element_count}</var>
<arg>${ELEMENT}/ol/li</arg>
<doc>Returns the number of elements matching ``locator``.</doc>
<msg timestamp="20221115 10:57:35.275" level="INFO">${element_count} = 6</msg>
<status status="PASS" starttime="20221115 10:57:35.224" endtime="20221115 10:57:35.275"/>
</kw>
<kw name="Convert To String" library="BuiltIn">
<var>${count}</var>
<arg>${element_count}</arg>
<doc>Converts the given item to a Unicode string.</doc>
<msg timestamp="20221115 10:57:35.275" level="INFO">${count} = 6</msg>
<status status="PASS" starttime="20221115 10:57:35.275" endtime="20221115 10:57:35.275"/>
</kw>
<kw name="Should Be Equal" library="BuiltIn">
<arg>${count}</arg>
<arg>6</arg>
<doc>Fails if the given objects are unequal.</doc>
<status status="PASS" starttime="20221115 10:57:35.277" endtime="20221115 10:57:35.277"/>
</kw>
<status status="PASS" starttime="20221115 10:57:35.224" endtime="20221115 10:57:35.277"/>
</kw>
<status status="PASS" starttime="20221115 10:57:35.199" endtime="20221115 10:57:35.277"/>
</kw>
<kw name="End Web Test" library="Common" type="TEARDOWN">
<kw name="Close Browser" library="SeleniumLibrary">
<doc>Closes the current browser.</doc>
<status status="PASS" starttime="20221115 10:57:35.277" endtime="20221115 10:57:37.418"/>
</kw>
<status status="PASS" starttime="20221115 10:57:35.277" endtime="20221115 10:57:37.418"/>
</kw>
<doc>This test case verify that any user is able to view the Amazon Best Seller page</doc>
<tag>BestSellerPage</tag>
<tag>Regression</tag>
<tag>Smoke</tag>
<tag>TC_BS_003</tag>
<status status="PASS" starttime="20221115 10:57:27.815" endtime="20221115 10:57:37.419"/>
</test>
<test id="s1-s1-t4" name="Verify user is able see best seller items for CDs &amp; Vinyl category" line="33">
<kw name="Start Web Test" library="Common" type="SETUP">
<kw name="Open Browser" library="SeleniumLibrary">
<arg>about:blank</arg>
<arg>${BROWSER}</arg>
<doc>Opens a new browser instance to the optional ``url``.</doc>
<msg timestamp="20221115 10:57:37.423" level="INFO">Opening browser 'chrome' to base url 'about:blank'.</msg>
<status status="PASS" starttime="20221115 10:57:37.422" endtime="20221115 10:57:38.675"/>
</kw>
<kw name="Maximize Browser Window" library="SeleniumLibrary">
<doc>Maximizes current browser window.</doc>
<status status="PASS" starttime="20221115 10:57:38.675" endtime="20221115 10:57:38.796"/>
</kw>
<status status="PASS" starttime="20221115 10:57:37.422" endtime="20221115 10:57:38.796"/>
</kw>
<kw name="Page Load By Global User" library="Common">
<kw name="Go To" library="SeleniumLibrary">
<arg>${URL.${ENVIRONMENT}}</arg>
<doc>Navigates the current browser window to the provided ``url``.</doc>
<msg timestamp="20221115 10:57:38.798" level="INFO">Opening url 'https://www.amazon.de/-/en/ref=nav_logo'</msg>
<status status="PASS" starttime="20221115 10:57:38.797" endtime="20221115 10:57:39.591"/>
</kw>
<kw name="Wait Until Page Contains" library="SeleniumLibrary">
<arg>${HELLO_EXPECTED_TEXT}</arg>
<doc>Waits until ``text`` appears on the current page.</doc>
<status status="PASS" starttime="20221115 10:57:39.591" endtime="20221115 10:57:39.672"/>
</kw>
<kw name="Get Text" library="SeleniumLibrary">
<var>${helloActualText}</var>
<arg>${HELLO_ELEMENT}</arg>
<doc>Returns the text value of the element identified by ``locator``.</doc>
<msg timestamp="20221115 10:57:39.692" level="INFO">${helloActualText} = Hello, sign in</msg>
<status status="PASS" starttime="20221115 10:57:39.672" endtime="20221115 10:57:39.692"/>
</kw>
<kw name="Should Be Equal" library="BuiltIn">
<arg>${helloActualText}</arg>
<arg>${HELLO_EXPECTED_TEXT}</arg>
<doc>Fails if the given objects are unequal.</doc>
<status status="PASS" starttime="20221115 10:57:39.692" endtime="20221115 10:57:39.693"/>
</kw>
<kw name="Click Button" library="SeleniumLibrary">
<arg>${ACCEPT_COOKIES}</arg>
<doc>Clicks the button identified by ``locator``.</doc>
<msg timestamp="20221115 10:57:39.693" level="INFO">Clicking button 'id=sp-cc-accept'.</msg>
<status status="PASS" starttime="20221115 10:57:39.693" endtime="20221115 10:57:39.787"/>
</kw>
<kw name="Sleep" library="BuiltIn">
<arg>2s</arg>
<doc>Pauses the test executed for the given time.</doc>
<msg timestamp="20221115 10:57:41.788" level="INFO">Slept 2 seconds</msg>
<status status="PASS" starttime="20221115 10:57:39.787" endtime="20221115 10:57:41.788"/>
</kw>
<status status="PASS" starttime="20221115 10:57:38.796" endtime="20221115 10:57:41.788"/>
</kw>
<kw name="Navigate to best sellers" library="BestSellers">
<kw name="Click Link" library="SeleniumLibrary">
<arg>Best Sellers</arg>
<doc>Clicks a link identified by ``locator``.</doc>
<msg timestamp="20221115 10:57:41.789" level="INFO">Clicking link 'Best Sellers'.</msg>
<status status="PASS" starttime="20221115 10:57:41.789" endtime="20221115 10:57:42.688"/>
</kw>
<kw name="Wait Until Page Contains" library="SeleniumLibrary">
<arg>Best Sellers</arg>
<doc>Waits until ``text`` appears on the current page.</doc>
<status status="PASS" starttime="20221115 10:57:42.688" endtime="20221115 10:57:42.711"/>
</kw>
<kw name="Sleep" library="BuiltIn">
<arg>2s</arg>
<doc>Pauses the test executed for the given time.</doc>
<msg timestamp="20221115 10:57:44.715" level="INFO">Slept 2 seconds</msg>
<status status="PASS" starttime="20221115 10:57:42.712" endtime="20221115 10:57:44.715"/>
</kw>
<status status="PASS" starttime="20221115 10:57:41.788" endtime="20221115 10:57:44.715"/>
</kw>
<kw name="Verify six items displayed on Best Sellers in CDs &amp; Vinyl category" library="BestSellers">
<kw name="Execute Javascript" library="SeleniumLibrary">
<arg>window.scrollTo(0,600)</arg>
<doc>Executes the given JavaScript code with possible arguments.</doc>
<msg timestamp="20221115 10:57:44.718" level="INFO">Executing JavaScript:
window.scrollTo(0,600)
Without any arguments.</msg>
<status status="PASS" starttime="20221115 10:57:44.717" endtime="20221115 10:57:44.756"/>
</kw>
<kw name="Get the count and compare" library="BestSellers">
<arg>${BS_CD}</arg>
<kw name="Get Element Count" library="SeleniumLibrary">
<var>${element_count}</var>
<arg>${ELEMENT}/ol/li</arg>
<doc>Returns the number of elements matching ``locator``.</doc>
<msg timestamp="20221115 10:57:44.767" level="INFO">${element_count} = 6</msg>
<status status="PASS" starttime="20221115 10:57:44.757" endtime="20221115 10:57:44.767"/>
</kw>
<kw name="Convert To String" library="BuiltIn">
<var>${count}</var>
<arg>${element_count}</arg>
<doc>Converts the given item to a Unicode string.</doc>
<msg timestamp="20221115 10:57:44.767" level="INFO">${count} = 6</msg>
<status status="PASS" starttime="20221115 10:57:44.767" endtime="20221115 10:57:44.767"/>
</kw>
<kw name="Should Be Equal" library="BuiltIn">
<arg>${count}</arg>
<arg>6</arg>
<doc>Fails if the given objects are unequal.</doc>
<status status="PASS" starttime="20221115 10:57:44.767" endtime="20221115 10:57:44.768"/>
</kw>
<status status="PASS" starttime="20221115 10:57:44.756" endtime="20221115 10:57:44.768"/>
</kw>
<status status="PASS" starttime="20221115 10:57:44.716" endtime="20221115 10:57:44.768"/>
</kw>
<kw name="End Web Test" library="Common" type="TEARDOWN">
<kw name="Close Browser" library="SeleniumLibrary">
<doc>Closes the current browser.</doc>
<status status="PASS" starttime="20221115 10:57:44.768" endtime="20221115 10:57:46.875"/>
</kw>
<status status="PASS" starttime="20221115 10:57:44.768" endtime="20221115 10:57:46.875"/>
</kw>
<doc>This test case verify that any user is able to view the Amazon Best Seller page</doc>
<tag>BestSellerPage</tag>
<tag>Regression</tag>
<tag>Smoke</tag>
<tag>TC_BS_004</tag>
<status status="PASS" starttime="20221115 10:57:37.421" endtime="20221115 10:57:46.875"/>
</test>
<test id="s1-s1-t5" name="Verify user is able see best seller items for Handmade Products category" line="40">
<kw name="Start Web Test" library="Common" type="SETUP">
<kw name="Open Browser" library="SeleniumLibrary">
<arg>about:blank</arg>
<arg>${BROWSER}</arg>
<doc>Opens a new browser instance to the optional ``url``.</doc>
<msg timestamp="20221115 10:57:46.875" level="INFO">Opening browser 'chrome' to base url 'about:blank'.</msg>
<status status="PASS" starttime="20221115 10:57:46.875" endtime="20221115 10:57:48.032"/>
</kw>
<kw name="Maximize Browser Window" library="SeleniumLibrary">
<doc>Maximizes current browser window.</doc>
<status status="PASS" starttime="20221115 10:57:48.032" endtime="20221115 10:57:48.140"/>
</kw>
<status status="PASS" starttime="20221115 10:57:46.875" endtime="20221115 10:57:48.140"/>
</kw>
<kw name="Page Load By Global User" library="Common">
<kw name="Go To" library="SeleniumLibrary">
<arg>${URL.${ENVIRONMENT}}</arg>
<doc>Navigates the current browser window to the provided ``url``.</doc>
<msg timestamp="20221115 10:57:48.140" level="INFO">Opening url 'https://www.amazon.de/-/en/ref=nav_logo'</msg>
<status status="PASS" starttime="20221115 10:57:48.140" endtime="20221115 10:57:48.857"/>
</kw>
<kw name="Wait Until Page Contains" library="SeleniumLibrary">
<arg>${HELLO_EXPECTED_TEXT}</arg>
<doc>Waits until ``text`` appears on the current page.</doc>
<status status="PASS" starttime="20221115 10:57:48.857" endtime="20221115 10:57:48.909"/>
</kw>
<kw name="Get Text" library="SeleniumLibrary">
<var>${helloActualText}</var>
<arg>${HELLO_ELEMENT}</arg>
<doc>Returns the text value of the element identified by ``locator``.</doc>
<msg timestamp="20221115 10:57:48.944" level="INFO">${helloActualText} = Hello, sign in</msg>
<status status="PASS" starttime="20221115 10:57:48.910" endtime="20221115 10:57:48.944"/>
</kw>
<kw name="Should Be Equal" library="BuiltIn">
<arg>${helloActualText}</arg>
<arg>${HELLO_EXPECTED_TEXT}</arg>
<doc>Fails if the given objects are unequal.</doc>
<status status="PASS" starttime="20221115 10:57:48.944" endtime="20221115 10:57:48.945"/>
</kw>
<kw name="Click Button" library="SeleniumLibrary">
<arg>${ACCEPT_COOKIES}</arg>
<doc>Clicks the button identified by ``locator``.</doc>
<msg timestamp="20221115 10:57:48.945" level="INFO">Clicking button 'id=sp-cc-accept'.</msg>
<status status="PASS" starttime="20221115 10:57:48.945" endtime="20221115 10:57:49.051"/>
</kw>
<kw name="Sleep" library="BuiltIn">
<arg>2s</arg>
<doc>Pauses the test executed for the given time.</doc>
<msg timestamp="20221115 10:57:51.052" level="INFO">Slept 2 seconds</msg>
<status status="PASS" starttime="20221115 10:57:49.051" endtime="20221115 10:57:51.052"/>
</kw>
<status status="PASS" starttime="20221115 10:57:48.140" endtime="20221115 10:57:51.052"/>
</kw>
<kw name="Navigate to best sellers" library="BestSellers">
<kw name="Click Link" library="SeleniumLibrary">
<arg>Best Sellers</arg>
<doc>Clicks a link identified by ``locator``.</doc>
<msg timestamp="20221115 10:57:51.052" level="INFO">Clicking link 'Best Sellers'.</msg>
<status status="PASS" starttime="20221115 10:57:51.052" endtime="20221115 10:57:51.840"/>
</kw>
<kw name="Wait Until Page Contains" library="SeleniumLibrary">
<arg>Best Sellers</arg>
<doc>Waits until ``text`` appears on the current page.</doc>
<status status="PASS" starttime="20221115 10:57:51.840" endtime="20221115 10:57:51.869"/>
</kw>
<kw name="Sleep" library="BuiltIn">
<arg>2s</arg>
<doc>Pauses the test executed for the given time.</doc>
<msg timestamp="20221115 10:57:53.869" level="INFO">Slept 2 seconds</msg>
<status status="PASS" starttime="20221115 10:57:51.869" endtime="20221115 10:57:53.869"/>
</kw>
<status status="PASS" starttime="20221115 10:57:51.052" endtime="20221115 10:57:53.869"/>
</kw>
<kw name="Verify six items displayed on Best Sellers in Handmade Products category" library="BestSellers">
<kw name="Execute Javascript" library="SeleniumLibrary">
<arg>window.scrollTo(0,600)</arg>
<doc>Executes the given JavaScript code with possible arguments.</doc>
<msg timestamp="20221115 10:57:53.870" level="INFO">Executing JavaScript:
window.scrollTo(0,600)
Without any arguments.</msg>
<status status="PASS" starttime="20221115 10:57:53.870" endtime="20221115 10:57:53.890"/>
</kw>
<kw name="Get the count and compare" library="BestSellers">
<arg>${BS_HANDMADE}</arg>
<kw name="Get Element Count" library="SeleniumLibrary">
<var>${element_count}</var>
<arg>${ELEMENT}/ol/li</arg>
<doc>Returns the number of elements matching ``locator``.</doc>
<msg timestamp="20221115 10:57:53.917" level="INFO">${element_count} = 6</msg>
<status status="PASS" starttime="20221115 10:57:53.890" endtime="20221115 10:57:53.917"/>
</kw>
<kw name="Convert To String" library="BuiltIn">
<var>${count}</var>
<arg>${element_count}</arg>
<doc>Converts the given item to a Unicode string.</doc>
<msg timestamp="20221115 10:57:53.918" level="INFO">${count} = 6</msg>
<status status="PASS" starttime="20221115 10:57:53.917" endtime="20221115 10:57:53.918"/>
</kw>
<kw name="Should Be Equal" library="BuiltIn">
<arg>${count}</arg>
<arg>6</arg>
<doc>Fails if the given objects are unequal.</doc>
<status status="PASS" starttime="20221115 10:57:53.918" endtime="20221115 10:57:53.918"/>
</kw>
<status status="PASS" starttime="20221115 10:57:53.890" endtime="20221115 10:57:53.918"/>
</kw>
<status status="PASS" starttime="20221115 10:57:53.869" endtime="20221115 10:57:53.918"/>
</kw>
<kw name="End Web Test" library="Common" type="TEARDOWN">
<kw name="Close Browser" library="SeleniumLibrary">
<doc>Closes the current browser.</doc>
<status status="PASS" starttime="20221115 10:57:53.918" endtime="20221115 10:57:56.092"/>
</kw>
<status status="PASS" starttime="20221115 10:57:53.918" endtime="20221115 10:57:56.092"/>
</kw>
<doc>This test case verify that any user is able to view the Amazon Best Seller page</doc>
<tag>BestSellerPage</tag>
<tag>Regression</tag>
<tag>Smoke</tag>
<tag>TC_BS_005</tag>
<status status="PASS" starttime="20221115 10:57:46.875" endtime="20221115 10:57:56.092"/>
</test>
<test id="s1-s1-t6" name="Verify user is able see best seller items for Luggage category" line="47">
<kw name="Start Web Test" library="Common" type="SETUP">
<kw name="Open Browser" library="SeleniumLibrary">
<arg>about:blank</arg>
<arg>${BROWSER}</arg>
<doc>Opens a new browser instance to the optional ``url``.</doc>
<msg timestamp="20221115 10:57:56.092" level="INFO">Opening browser 'chrome' to base url 'about:blank'.</msg>
<status status="PASS" starttime="20221115 10:57:56.092" endtime="20221115 10:57:57.277"/>
</kw>
<kw name="Maximize Browser Window" library="SeleniumLibrary">
<doc>Maximizes current browser window.</doc>
<status status="PASS" starttime="20221115 10:57:57.277" endtime="20221115 10:57:57.388"/>
</kw>
<status status="PASS" starttime="20221115 10:57:56.092" endtime="20221115 10:57:57.388"/>
</kw>
<kw name="Page Load By Global User" library="Common">
<kw name="Go To" library="SeleniumLibrary">
<arg>${URL.${ENVIRONMENT}}</arg>
<doc>Navigates the current browser window to the provided ``url``.</doc>
<msg timestamp="20221115 10:57:57.389" level="INFO">Opening url 'https://www.amazon.de/-/en/ref=nav_logo'</msg>
<status status="PASS" starttime="20221115 10:57:57.388" endtime="20221115 10:57:58.363"/>
</kw>
<kw name="Wait Until Page Contains" library="SeleniumLibrary">
<arg>${HELLO_EXPECTED_TEXT}</arg>
<doc>Waits until ``text`` appears on the current page.</doc>
<status status="PASS" starttime="20221115 10:57:58.363" endtime="20221115 10:57:58.385"/>
</kw>
<kw name="Get Text" library="SeleniumLibrary">
<var>${helloActualText}</var>
<arg>${HELLO_ELEMENT}</arg>
<doc>Returns the text value of the element identified by ``locator``.</doc>
<msg timestamp="20221115 10:57:58.418" level="INFO">${helloActualText} = Hello, sign in</msg>
<status status="PASS" starttime="20221115 10:57:58.385" endtime="20221115 10:57:58.418"/>
</kw>
<kw name="Should Be Equal" library="BuiltIn">
<arg>${helloActualText}</arg>
<arg>${HELLO_EXPECTED_TEXT}</arg>
<doc>Fails if the given objects are unequal.</doc>
<status status="PASS" starttime="20221115 10:57:58.418" endtime="20221115 10:57:58.419"/>
</kw>
<kw name="Click Button" library="SeleniumLibrary">
<arg>${ACCEPT_COOKIES}</arg>
<doc>Clicks the button identified by ``locator``.</doc>
<msg timestamp="20221115 10:57:58.419" level="INFO">Clicking button 'id=sp-cc-accept'.</msg>
<status status="PASS" starttime="20221115 10:57:58.419" endtime="20221115 10:57:58.504"/>
</kw>
<kw name="Sleep" library="BuiltIn">
<arg>2s</arg>
<doc>Pauses the test executed for the given time.</doc>
<msg timestamp="20221115 10:58:00.506" level="INFO">Slept 2 seconds</msg>
<status status="PASS" starttime="20221115 10:57:58.504" endtime="20221115 10:58:00.506"/>
</kw>
<status status="PASS" starttime="20221115 10:57:57.388" endtime="20221115 10:58:00.506"/>
</kw>
<kw name="Navigate to best sellers" library="BestSellers">
<kw name="Click Link" library="SeleniumLibrary">
<arg>Best Sellers</arg>
<doc>Clicks a link identified by ``locator``.</doc>
<msg timestamp="20221115 10:58:00.506" level="INFO">Clicking link 'Best Sellers'.</msg>
<status status="PASS" starttime="20221115 10:58:00.506" endtime="20221115 10:58:01.259"/>
</kw>
<kw name="Wait Until Page Contains" library="SeleniumLibrary">
<arg>Best Sellers</arg>
<doc>Waits until ``text`` appears on the current page.</doc>
<status status="PASS" starttime="20221115 10:58:01.259" endtime="20221115 10:58:01.287"/>
</kw>
<kw name="Sleep" library="BuiltIn">
<arg>2s</arg>
<doc>Pauses the test executed for the given time.</doc>
<msg timestamp="20221115 10:58:03.288" level="INFO">Slept 2 seconds</msg>
<status status="PASS" starttime="20221115 10:58:01.287" endtime="20221115 10:58:03.288"/>
</kw>
<status status="PASS" starttime="20221115 10:58:00.506" endtime="20221115 10:58:03.288"/>
</kw>
<kw name="Verify six items displayed on Best Sellers in Luggage category" library="BestSellers">
<kw name="Execute Javascript" library="SeleniumLibrary">
<arg>window.scrollTo(0,1200)</arg>
<doc>Executes the given JavaScript code with possible arguments.</doc>
<msg timestamp="20221115 10:58:03.291" level="INFO">Executing JavaScript:
window.scrollTo(0,1200)
Without any arguments.</msg>
<status status="PASS" starttime="20221115 10:58:03.290" endtime="20221115 10:58:03.324"/>
</kw>
<kw name="Get the count and compare" library="BestSellers">
<arg>${BS_LUGGAGE}</arg>
<kw name="Get Element Count" library="SeleniumLibrary">
<var>${element_count}</var>
<arg>${ELEMENT}/ol/li</arg>
<doc>Returns the number of elements matching ``locator``.</doc>
<msg timestamp="20221115 10:58:03.362" level="INFO">${element_count} = 6</msg>
<status status="PASS" starttime="20221115 10:58:03.325" endtime="20221115 10:58:03.362"/>
</kw>
<kw name="Convert To String" library="BuiltIn">
<var>${count}</var>
<arg>${element_count}</arg>
<doc>Converts the given item to a Unicode string.</doc>
<msg timestamp="20221115 10:58:03.363" level="INFO">${count} = 6</msg>
<status status="PASS" starttime="20221115 10:58:03.362" endtime="20221115 10:58:03.363"/>
</kw>
<kw name="Should Be Equal" library="BuiltIn">
<arg>${count}</arg>
<arg>6</arg>
<doc>Fails if the given objects are unequal.</doc>
<status status="PASS" starttime="20221115 10:58:03.363" endtime="20221115 10:58:03.363"/>
</kw>
<status status="PASS" starttime="20221115 10:58:03.324" endtime="20221115 10:58:03.363"/>
</kw>
<status status="PASS" starttime="20221115 10:58:03.290" endtime="20221115 10:58:03.363"/>
</kw>
<kw name="End Web Test" library="Common" type="TEARDOWN">
<kw name="Close Browser" library="SeleniumLibrary">
<doc>Closes the current browser.</doc>
<status status="PASS" starttime="20221115 10:58:03.363" endtime="20221115 10:58:05.501"/>
</kw>
<status status="PASS" starttime="20221115 10:58:03.363" endtime="20221115 10:58:05.501"/>
</kw>
<doc>This test case verify that any user is able to view the Amazon Best Seller page</doc>
<tag>BestSellerPage</tag>
<tag>Regression</tag>
<tag>Smoke</tag>
<tag>TC_BS_006</tag>
<status status="PASS" starttime="20221115 10:57:56.092" endtime="20221115 10:58:05.502"/>
</test>
<test id="s1-s1-t7" name="Verify best seller any department sub categories" line="54">
<kw name="Start Web Test" library="Common" type="SETUP">
<kw name="Open Browser" library="SeleniumLibrary">
<arg>about:blank</arg>
<arg>${BROWSER}</arg>
<doc>Opens a new browser instance to the optional ``url``.</doc>
<msg timestamp="20221115 10:58:05.504" level="INFO">Opening browser 'chrome' to base url 'about:blank'.</msg>
<status status="PASS" starttime="20221115 10:58:05.504" endtime="20221115 10:58:06.660"/>
</kw>
<kw name="Maximize Browser Window" library="SeleniumLibrary">
<doc>Maximizes current browser window.</doc>
<status status="PASS" starttime="20221115 10:58:06.660" endtime="20221115 10:58:06.785"/>
</kw>
<status status="PASS" starttime="20221115 10:58:05.504" endtime="20221115 10:58:06.785"/>
</kw>
<kw name="Page Load By Global User" library="Common">
<kw name="Go To" library="SeleniumLibrary">
<arg>${URL.${ENVIRONMENT}}</arg>
<doc>Navigates the current browser window to the provided ``url``.</doc>
<msg timestamp="20221115 10:58:06.785" level="INFO">Opening url 'https://www.amazon.de/-/en/ref=nav_logo'</msg>
<status status="PASS" starttime="20221115 10:58:06.785" endtime="20221115 10:58:07.696"/>
</kw>
<kw name="Wait Until Page Contains" library="SeleniumLibrary">
<arg>${HELLO_EXPECTED_TEXT}</arg>
<doc>Waits until ``text`` appears on the current page.</doc>
<status status="PASS" starttime="20221115 10:58:07.696" endtime="20221115 10:58:07.749"/>
</kw>
<kw name="Get Text" library="SeleniumLibrary">
<var>${helloActualText}</var>
<arg>${HELLO_ELEMENT}</arg>
<doc>Returns the text value of the element identified by ``locator``.</doc>
<msg timestamp="20221115 10:58:07.766" level="INFO">${helloActualText} = Hello, sign in</msg>
<status status="PASS" starttime="20221115 10:58:07.749" endtime="20221115 10:58:07.766"/>
</kw>
<kw name="Should Be Equal" library="BuiltIn">
<arg>${helloActualText}</arg>
<arg>${HELLO_EXPECTED_TEXT}</arg>
<doc>Fails if the given objects are unequal.</doc>
<status status="PASS" starttime="20221115 10:58:07.766" endtime="20221115 10:58:07.766"/>
</kw>
<kw name="Click Button" library="SeleniumLibrary">
<arg>${ACCEPT_COOKIES}</arg>
<doc>Clicks the button identified by ``locator``.</doc>
<msg timestamp="20221115 10:58:07.766" level="INFO">Clicking button 'id=sp-cc-accept'.</msg>
<status status="PASS" starttime="20221115 10:58:07.766" endtime="20221115 10:58:07.828"/>
</kw>
<kw name="Sleep" library="BuiltIn">
<arg>2s</arg>
<doc>Pauses the test executed for the given time.</doc>
<msg timestamp="20221115 10:58:09.830" level="INFO">Slept 2 seconds</msg>
<status status="PASS" starttime="20221115 10:58:07.828" endtime="20221115 10:58:09.830"/>
</kw>
<status status="PASS" starttime="20221115 10:58:06.785" endtime="20221115 10:58:09.830"/>
</kw>
<kw name="Navigate to best sellers" library="BestSellers">
<kw name="Click Link" library="SeleniumLibrary">
<arg>Best Sellers</arg>
<doc>Clicks a link identified by ``locator``.</doc>
<msg timestamp="20221115 10:58:09.831" level="INFO">Clicking link 'Best Sellers'.</msg>
<status status="PASS" starttime="20221115 10:58:09.831" endtime="20221115 10:58:10.628"/>
</kw>
<kw name="Wait Until Page Contains" library="SeleniumLibrary">
<arg>Best Sellers</arg>
<doc>Waits until ``text`` appears on the current page.</doc>
<status status="PASS" starttime="20221115 10:58:10.628" endtime="20221115 10:58:10.708"/>
</kw>
<kw name="Sleep" library="BuiltIn">
<arg>2s</arg>
<doc>Pauses the test executed for the given time.</doc>
<msg timestamp="20221115 10:58:12.709" level="INFO">Slept 2 seconds</msg>
<status status="PASS" starttime="20221115 10:58:10.708" endtime="20221115 10:58:12.709"/>
</kw>
<status status="PASS" starttime="20221115 10:58:09.831" endtime="20221115 10:58:12.709"/>
</kw>
<kw name="Verify Best Seller Any Department Sub Catergories" library="BestSellers">
<kw name="Compare Menu Items" library="Common">
<arg>${ANY_DEPARTMENT}</arg>
<arg>${BEST_SELLER_ANY_DEPARTMENT}</arg>
<kw name="Create List" library="BuiltIn">
<var>${actual_list}</var>
<doc>Returns a list containing given items.</doc>
<msg timestamp="20221115 10:58:12.709" level="INFO">${actual_list} = []</msg>
<status status="PASS" starttime="20221115 10:58:12.709" endtime="20221115 10:58:12.709"/>
</kw>
<kw name="Get Element Count" library="SeleniumLibrary">
<var>${element_count}</var>
<arg>${SUB_ELEMENT}</arg>
<doc>Returns the number of elements matching ``locator``.</doc>
<msg timestamp="20221115 10:58:12.725" level="INFO">${element_count} = 39</msg>
<status status="PASS" starttime="20221115 10:58:12.709" endtime="20221115 10:58:12.725"/>
</kw>
<for flavor="IN RANGE">
<var>${i}</var>
<value>1</value>
<value>${element_count} + 1</value>
<iter>
<var name="${i}">1</var>
<kw name="Get Text" library="SeleniumLibrary">
<var>${element_text}</var>
<arg>xpath=(${SUB_ELEMENT})[${i}]</arg>
<doc>Returns the text value of the element identified by ``locator``.</doc>
<msg timestamp="20221115 10:58:12.749" level="INFO">${element_text} = Amazon Devices &amp; Accessories</msg>
<status status="PASS" starttime="20221115 10:58:12.725" endtime="20221115 10:58:12.749"/>
</kw>
<kw name="Log" library="BuiltIn">
<arg>${element_text}</arg>
<doc>Logs the given message with the given level.</doc>
<msg timestamp="20221115 10:58:12.749" level="INFO">Amazon Devices &amp; Accessories</msg>
<status status="PASS" starttime="20221115 10:58:12.749" endtime="20221115 10:58:12.749"/>
</kw>
<kw name="Append To List" library="Collections">
<arg>${actual_list}</arg>
<arg>${element_text}</arg>
<doc>Adds ``values`` to the end of ``list``.</doc>
<status status="PASS" starttime="20221115 10:58:12.749" endtime="20221115 10:58:12.749"/>
</kw>
<status status="PASS" starttime="20221115 10:58:12.725" endtime="20221115 10:58:12.749"/>
</iter>
<iter>
<var name="${i}">2</var>
<kw name="Get Text" library="SeleniumLibrary">
<var>${element_text}</var>
<arg>xpath=(${SUB_ELEMENT})[${i}]</arg>
<doc>Returns the text value of the element identified by ``locator``.</doc>
<msg timestamp="20221115 10:58:12.759" level="INFO">${element_text} = Amazon Launchpad</msg>
<status status="PASS" starttime="20221115 10:58:12.749" endtime="20221115 10:58:12.759"/>
</kw>
<kw name="Log" library="BuiltIn">
<arg>${element_text}</arg>
<doc>Logs the given message with the given level.</doc>
<msg timestamp="20221115 10:58:12.759" level="INFO">Amazon Launchpad</msg>
<status status="PASS" starttime="20221115 10:58:12.759" endtime="20221115 10:58:12.759"/>
</kw>
<kw name="Append To List" library="Collections">
<arg>${actual_list}</arg>
<arg>${element_text}</arg>
<doc>Adds ``values`` to the end of ``list``.</doc>
<status status="PASS" starttime="20221115 10:58:12.759" endtime="20221115 10:58:12.759"/>
</kw>
<status status="PASS" starttime="20221115 10:58:12.749" endtime="20221115 10:58:12.759"/>
</iter>
<iter>
<var name="${i}">3</var>
<kw name="Get Text" library="SeleniumLibrary">
<var>${element_text}</var>
<arg>xpath=(${SUB_ELEMENT})[${i}]</arg>
<doc>Returns the text value of the element identified by ``locator``.</doc>
<msg timestamp="20221115 10:58:12.790" level="INFO">${element_text} = Amazon Renewed</msg>
<status status="PASS" starttime="20221115 10:58:12.759" endtime="20221115 10:58:12.790"/>
</kw>
<kw name="Log" library="BuiltIn">
<arg>${element_text}</arg>
<doc>Logs the given message with the given level.</doc>
<msg timestamp="20221115 10:58:12.790" level="INFO">Amazon Renewed</msg>
<status status="PASS" starttime="20221115 10:58:12.790" endtime="20221115 10:58:12.790"/>
</kw>
<kw name="Append To List" library="Collections">
<arg>${actual_list}</arg>
<arg>${element_text}</arg>
<doc>Adds ``values`` to the end of ``list``.</doc>
<status status="PASS" starttime="20221115 10:58:12.790" endtime="20221115 10:58:12.790"/>
</kw>
<status status="PASS" starttime="20221115 10:58:12.759" endtime="20221115 10:58:12.790"/>
</iter>
<iter>
<var name="${i}">4</var>
<kw name="Get Text" library="SeleniumLibrary">
<var>${element_text}</var>
<arg>xpath=(${SUB_ELEMENT})[${i}]</arg>
<doc>Returns the text value of the element identified by ``locator``.</doc>
<msg timestamp="20221115 10:58:12.806" level="INFO">${element_text} = Apps &amp; Games</msg>
<status status="PASS" starttime="20221115 10:58:12.790" endtime="20221115 10:58:12.806"/>
</kw>
<kw name="Log" library="BuiltIn">
<arg>${element_text}</arg>
<doc>Logs the given message with the given level.</doc>
<msg timestamp="20221115 10:58:12.806" level="INFO">Apps &amp; Games</msg>
<status status="PASS" starttime="20221115 10:58:12.806" endtime="20221115 10:58:12.806"/>
</kw>
<kw name="Append To List" library="Collections">
<arg>${actual_list}</arg>
<arg>${element_text}</arg>
<doc>Adds ``values`` to the end of ``list``.</doc>
<status status="PASS" starttime="20221115 10:58:12.806" endtime="20221115 10:58:12.806"/>
</kw>
<status status="PASS" starttime="20221115 10:58:12.790" endtime="20221115 10:58:12.806"/>
</iter>
<iter>
<var name="${i}">5</var>
<kw name="Get Text" library="SeleniumLibrary">
<var>${element_text}</var>
<arg>xpath=(${SUB_ELEMENT})[${i}]</arg>
<doc>Returns the text value of the element identified by ``locator``.</doc>
<msg timestamp="20221115 10:58:12.821" level="INFO">${element_text} = Automotive</msg>
<status status="PASS" starttime="20221115 10:58:12.806" endtime="20221115 10:58:12.821"/>
</kw>
<kw name="Log" library="BuiltIn">
<arg>${element_text}</arg>
<doc>Logs the given message with the given level.</doc>
<msg timestamp="20221115 10:58:12.821" level="INFO">Automotive</msg>
<status status="PASS" starttime="20221115 10:58:12.821" endtime="20221115 10:58:12.821"/>
</kw>
<kw name="Append To List" library="Collections">
<arg>${actual_list}</arg>
<arg>${element_text}</arg>
<doc>Adds ``values`` to the end of ``list``.</doc>
<status status="PASS" starttime="20221115 10:58:12.821" endtime="20221115 10:58:12.821"/>
</kw>
<status status="PASS" starttime="20221115 10:58:12.806" endtime="20221115 10:58:12.821"/>
</iter>
<iter>
<var name="${i}">6</var>
<kw name="Get Text" library="SeleniumLibrary">
<var>${element_text}</var>
<arg>xpath=(${SUB_ELEMENT})[${i}]</arg>
<doc>Returns the text value of the element identified by ``locator``.</doc>
<msg timestamp="20221115 10:58:12.835" level="INFO">${element_text} = Baby Products</msg>
<status status="PASS" starttime="20221115 10:58:12.821" endtime="20221115 10:58:12.835"/>
</kw>
<kw name="Log" library="BuiltIn">
<arg>${element_text}</arg>
<doc>Logs the given message with the given level.</doc>
<msg timestamp="20221115 10:58:12.835" level="INFO">Baby Products</msg>
<status status="PASS" starttime="20221115 10:58:12.835" endtime="20221115 10:58:12.835"/>
</kw>
<kw name="Append To List" library="Collections">
<arg>${actual_list}</arg>
<arg>${element_text}</arg>
<doc>Adds ``values`` to the end of ``list``.</doc>
<status status="PASS" starttime="20221115 10:58:12.835" endtime="20221115 10:58:12.836"/>
</kw>
<status status="PASS" starttime="20221115 10:58:12.821" endtime="20221115 10:58:12.836"/>
</iter>
<iter>
<var name="${i}">7</var>
<kw name="Get Text" library="SeleniumLibrary">
<var>${element_text}</var>
<arg>xpath=(${SUB_ELEMENT})[${i}]</arg>
<doc>Returns the text value of the element identified by ``locator``.</doc>
<msg timestamp="20221115 10:58:12.849" level="INFO">${element_text} = Beauty</msg>
<status status="PASS" starttime="20221115 10:58:12.836" endtime="20221115 10:58:12.849"/>
</kw>
<kw name="Log" library="BuiltIn">
<arg>${element_text}</arg>
<doc>Logs the given message with the given level.</doc>
<msg timestamp="20221115 10:58:12.850" level="INFO">Beauty</msg>
<status status="PASS" starttime="20221115 10:58:12.850" endtime="20221115 10:58:12.850"/>
</kw>
<kw name="Append To List" library="Collections">
<arg>${actual_list}</arg>
<arg>${element_text}</arg>
<doc>Adds ``values`` to the end of ``list``.</doc>
<status status="PASS" starttime="20221115 10:58:12.850" endtime="20221115 10:58:12.850"/>
</kw>
<status status="PASS" starttime="20221115 10:58:12.836" endtime="20221115 10:58:12.850"/>
</iter>
<iter>
<var name="${i}">8</var>
<kw name="Get Text" library="SeleniumLibrary">
<var>${element_text}</var>
<arg>xpath=(${SUB_ELEMENT})[${i}]</arg>
<doc>Returns the text value of the element identified by ``locator``.</doc>
<msg timestamp="20221115 10:58:12.853" level="INFO">${element_text} = Books</msg>
<status status="PASS" starttime="20221115 10:58:12.850" endtime="20221115 10:58:12.853"/>
</kw>
<kw name="Log" library="BuiltIn">
<arg>${element_text}</arg>
<doc>Logs the given message with the given level.</doc>
<msg timestamp="20221115 10:58:12.853" level="INFO">Books</msg>
<status status="PASS" starttime="20221115 10:58:12.853" endtime="20221115 10:58:12.853"/>
</kw>
<kw name="Append To List" library="Collections">
<arg>${actual_list}</arg>
<arg>${element_text}</arg>
<doc>Adds ``values`` to the end of ``list``.</doc>
<status status="PASS" starttime="20221115 10:58:12.853" endtime="20221115 10:58:12.853"/>
</kw>
<status status="PASS" starttime="20221115 10:58:12.850" endtime="20221115 10:58:12.853"/>
</iter>
<iter>
<var name="${i}">9</var>
<kw name="Get Text" library="SeleniumLibrary">
<var>${element_text}</var>
<arg>xpath=(${SUB_ELEMENT})[${i}]</arg>
<doc>Returns the text value of the element identified by ``locator``.</doc>
<msg timestamp="20221115 10:58:12.880" level="INFO">${element_text} = Business, Industry &amp; Science</msg>
<status status="PASS" starttime="20221115 10:58:12.853" endtime="20221115 10:58:12.880"/>
</kw>
<kw name="Log" library="BuiltIn">
<arg>${element_text}</arg>
<doc>Logs the given message with the given level.</doc>
<msg timestamp="20221115 10:58:12.880" level="INFO">Business, Industry &amp; Science</msg>
<status status="PASS" starttime="20221115 10:58:12.880" endtime="20221115 10:58:12.880"/>
</kw>
<kw name="Append To List" library="Collections">
<arg>${actual_list}</arg>
<arg>${element_text}</arg>
<doc>Adds ``values`` to the end of ``list``.</doc>
<status status="PASS" starttime="20221115 10:58:12.880" endtime="20221115 10:58:12.880"/>
</kw>
<status status="PASS" starttime="20221115 10:58:12.853" endtime="20221115 10:58:12.880"/>
</iter>
<iter>
<var name="${i}">10</var>
<kw name="Get Text" library="SeleniumLibrary">
<var>${element_text}</var>
<arg>xpath=(${SUB_ELEMENT})[${i}]</arg>
<doc>Returns the text value of the element identified by ``locator``.</doc>
<msg timestamp="20221115 10:58:12.894" level="INFO">${element_text} = Camera &amp; Photo</msg>
<status status="PASS" starttime="20221115 10:58:12.880" endtime="20221115 10:58:12.894"/>
</kw>
<kw name="Log" library="BuiltIn">
<arg>${element_text}</arg>
<doc>Logs the given message with the given level.</doc>
<msg timestamp="20221115 10:58:12.894" level="INFO">Camera &amp; Photo</msg>
<status status="PASS" starttime="20221115 10:58:12.894" endtime="20221115 10:58:12.894"/>
</kw>
<kw name="Append To List" library="Collections">
<arg>${actual_list}</arg>
<arg>${element_text}</arg>
<doc>Adds ``values`` to the end of ``list``.</doc>
<status status="PASS" starttime="20221115 10:58:12.894" endtime="20221115 10:58:12.894"/>
</kw>
<status status="PASS" starttime="20221115 10:58:12.880" endtime="20221115 10:58:12.894"/>
</iter>
<iter>
<var name="${i}">11</var>
<kw name="Get Text" library="SeleniumLibrary">
<var>${element_text}</var>
<arg>xpath=(${SUB_ELEMENT})[${i}]</arg>
<doc>Returns the text value of the element identified by ``locator``.</doc>
<msg timestamp="20221115 10:58:12.907" level="INFO">${element_text} = CDs &amp; Vinyl</msg>
<status status="PASS" starttime="20221115 10:58:12.894" endtime="20221115 10:58:12.907"/>
</kw>
<kw name="Log" library="BuiltIn">
<arg>${element_text}</arg>
<doc>Logs the given message with the given level.</doc>
<msg timestamp="20221115 10:58:12.908" level="INFO">CDs &amp; Vinyl</msg>
<status status="PASS" starttime="20221115 10:58:12.907" endtime="20221115 10:58:12.908"/>
</kw>
<kw name="Append To List" library="Collections">
<arg>${actual_list}</arg>
<arg>${element_text}</arg>
<doc>Adds ``values`` to the end of ``list``.</doc>
<status status="PASS" starttime="20221115 10:58:12.908" endtime="20221115 10:58:12.908"/>
</kw>
<status status="PASS" starttime="20221115 10:58:12.894" endtime="20221115 10:58:12.908"/>
</iter>
<iter>
<var name="${i}">12</var>
<kw name="Get Text" library="SeleniumLibrary">
<var>${element_text}</var>
<arg>xpath=(${SUB_ELEMENT})[${i}]</arg>
<doc>Returns the text value of the element identified by ``locator``.</doc>
<msg timestamp="20221115 10:58:12.922" level="INFO">${element_text} = Clothing</msg>
<status status="PASS" starttime="20221115 10:58:12.908" endtime="20221115 10:58:12.922"/>
</kw>
<kw name="Log" library="BuiltIn">
<arg>${element_text}</arg>
<doc>Logs the given message with the given level.</doc>
<msg timestamp="20221115 10:58:12.923" level="INFO">Clothing</msg>
<status status="PASS" starttime="20221115 10:58:12.922" endtime="20221115 10:58:12.923"/>
</kw>
<kw name="Append To List" library="Collections">
<arg>${actual_list}</arg>
<arg>${element_text}</arg>
<doc>Adds ``values`` to the end of ``list``.</doc>
<status status="PASS" starttime="20221115 10:58:12.923" endtime="20221115 10:58:12.923"/>
</kw>
<status status="PASS" starttime="20221115 10:58:12.908" endtime="20221115 10:58:12.923"/>
</iter>
<iter>
<var name="${i}">13</var>
<kw name="Get Text" library="SeleniumLibrary">
<var>${element_text}</var>
<arg>xpath=(${SUB_ELEMENT})[${i}]</arg>
<doc>Returns the text value of the element identified by ``locator``.</doc>
<msg timestamp="20221115 10:58:12.938" level="INFO">${element_text} = Computer &amp; Accessories</msg>
<status status="PASS" starttime="20221115 10:58:12.923" endtime="20221115 10:58:12.938"/>
</kw>
<kw name="Log" library="BuiltIn">
<arg>${element_text}</arg>
<doc>Logs the given message with the given level.</doc>
<msg timestamp="20221115 10:58:12.939" level="INFO">Computer &amp; Accessories</msg>
<status status="PASS" starttime="20221115 10:58:12.939" endtime="20221115 10:58:12.939"/>
</kw>
<kw name="Append To List" library="Collections">
<arg>${actual_list}</arg>
<arg>${element_text}</arg>
<doc>Adds ``values`` to the end of ``list``.</doc>
<status status="PASS" starttime="20221115 10:58:12.939" endtime="20221115 10:58:12.939"/>
</kw>
<status status="PASS" starttime="20221115 10:58:12.923" endtime="20221115 10:58:12.939"/>
</iter>
<iter>
<var name="${i}">14</var>
<kw name="Get Text" library="SeleniumLibrary">
<var>${element_text}</var>
<arg>xpath=(${SUB_ELEMENT})[${i}]</arg>
<doc>Returns the text value of the element identified by ``locator``.</doc>
<msg timestamp="20221115 10:58:12.954" level="INFO">${element_text} = Digital Music</msg>
<status status="PASS" starttime="20221115 10:58:12.939" endtime="20221115 10:58:12.954"/>
</kw>
<kw name="Log" library="BuiltIn">
<arg>${element_text}</arg>
<doc>Logs the given message with the given level.</doc>
<msg timestamp="20221115 10:58:12.954" level="INFO">Digital Music</msg>
<status status="PASS" starttime="20221115 10:58:12.954" endtime="20221115 10:58:12.954"/>
</kw>
<kw name="Append To List" library="Collections">
<arg>${actual_list}</arg>
<arg>${element_text}</arg>
<doc>Adds ``values`` to the end of ``list``.</doc>
<status status="PASS" starttime="20221115 10:58:12.954" endtime="20221115 10:58:12.954"/>
</kw>
<status status="PASS" starttime="20221115 10:58:12.939" endtime="20221115 10:58:12.954"/>
</iter>
<iter>
<var name="${i}">15</var>
<kw name="Get Text" library="SeleniumLibrary">
<var>${element_text}</var>
<arg>xpath=(${SUB_ELEMENT})[${i}]</arg>
<doc>Returns the text value of the element identified by ``locator``.</doc>
<msg timestamp="20221115 10:58:12.968" level="INFO">${element_text} = DIY &amp; Tools</msg>
<status status="PASS" starttime="20221115 10:58:12.954" endtime="20221115 10:58:12.968"/>
</kw>
<kw name="Log" library="BuiltIn">
<arg>${element_text}</arg>
<doc>Logs the given message with the given level.</doc>
<msg timestamp="20221115 10:58:12.968" level="INFO">DIY &amp; Tools</msg>
<status status="PASS" starttime="20221115 10:58:12.968" endtime="20221115 10:58:12.968"/>
</kw>
<kw name="Append To List" library="Collections">
<arg>${actual_list}</arg>
<arg>${element_text}</arg>
<doc>Adds ``values`` to the end of ``list``.</doc>
<status status="PASS" starttime="20221115 10:58:12.969" endtime="20221115 10:58:12.969"/>
</kw>
<status status="PASS" starttime="20221115 10:58:12.954" endtime="20221115 10:58:12.969"/>
</iter>
<iter>
<var name="${i}">16</var>
<kw name="Get Text" library="SeleniumLibrary">
<var>${element_text}</var>
<arg>xpath=(${SUB_ELEMENT})[${i}]</arg>
<doc>Returns the text value of the element identified by ``locator``.</doc>
<msg timestamp="20221115 10:58:12.983" level="INFO">${element_text} = DVD &amp; Blu-ray</msg>
<status status="PASS" starttime="20221115 10:58:12.969" endtime="20221115 10:58:12.983"/>
</kw>
<kw name="Log" library="BuiltIn">
<arg>${element_text}</arg>
<doc>Logs the given message with the given level.</doc>
<msg timestamp="20221115 10:58:12.984" level="INFO">DVD &amp; Blu-ray</msg>
<status status="PASS" starttime="20221115 10:58:12.984" endtime="20221115 10:58:12.984"/>
</kw>
<kw name="Append To List" library="Collections">
<arg>${actual_list}</arg>
<arg>${element_text}</arg>
<doc>Adds ``values`` to the end of ``list``.</doc>
<status status="PASS" starttime="20221115 10:58:12.984" endtime="20221115 10:58:12.984"/>
</kw>
<status status="PASS" starttime="20221115 10:58:12.969" endtime="20221115 10:58:12.984"/>
</iter>
<iter>
<var name="${i}">17</var>
<kw name="Get Text" library="SeleniumLibrary">
<var>${element_text}</var>
<arg>xpath=(${SUB_ELEMENT})[${i}]</arg>
<doc>Returns the text value of the element identified by ``locator``.</doc>
<msg timestamp="20221115 10:58:13.000" level="INFO">${element_text} = Electronics &amp; Photo</msg>
<status status="PASS" starttime="20221115 10:58:12.984" endtime="20221115 10:58:13.000"/>
</kw>
<kw name="Log" library="BuiltIn">
<arg>${element_text}</arg>
<doc>Logs the given message with the given level.</doc>
<msg timestamp="20221115 10:58:13.001" level="INFO">Electronics &amp; Photo</msg>
<status status="PASS" starttime="20221115 10:58:13.001" endtime="20221115 10:58:13.001"/>
</kw>
<kw name="Append To List" library="Collections">
<arg>${actual_list}</arg>
<arg>${element_text}</arg>
<doc>Adds ``values`` to the end of ``list``.</doc>
<status status="PASS" starttime="20221115 10:58:13.001" endtime="20221115 10:58:13.001"/>
</kw>
<status status="PASS" starttime="20221115 10:58:12.984" endtime="20221115 10:58:13.001"/>
</iter>
<iter>
<var name="${i}">18</var>
<kw name="Get Text" library="SeleniumLibrary">
<var>${element_text}</var>
<arg>xpath=(${SUB_ELEMENT})[${i}]</arg>
<doc>Returns the text value of the element identified by ``locator``.</doc>
<msg timestamp="20221115 10:58:13.024" level="INFO">${element_text} = Garden</msg>
<status status="PASS" starttime="20221115 10:58:13.001" endtime="20221115 10:58:13.024"/>
</kw>
<kw name="Log" library="BuiltIn">
<arg>${element_text}</arg>
<doc>Logs the given message with the given level.</doc>
<msg timestamp="20221115 10:58:13.024" level="INFO">Garden</msg>
<status status="PASS" starttime="20221115 10:58:13.024" endtime="20221115 10:58:13.024"/>
</kw>
<kw name="Append To List" library="Collections">
<arg>${actual_list}</arg>
<arg>${element_text}</arg>
<doc>Adds ``values`` to the end of ``list``.</doc>
<status status="PASS" starttime="20221115 10:58:13.024" endtime="20221115 10:58:13.024"/>
</kw>
<status status="PASS" starttime="20221115 10:58:13.001" endtime="20221115 10:58:13.024"/>
</iter>
<iter>
<var name="${i}">19</var>
<kw name="Get Text" library="SeleniumLibrary">
<var>${element_text}</var>
<arg>xpath=(${SUB_ELEMENT})[${i}]</arg>
<doc>Returns the text value of the element identified by ``locator``.</doc>
<msg timestamp="20221115 10:58:13.039" level="INFO">${element_text} = Gift Cards</msg>
<status status="PASS" starttime="20221115 10:58:13.024" endtime="20221115 10:58:13.040"/>
</kw>
<kw name="Log" library="BuiltIn">
<arg>${element_text}</arg>
<doc>Logs the given message with the given level.</doc>
<msg timestamp="20221115 10:58:13.040" level="INFO">Gift Cards</msg>
<status status="PASS" starttime="20221115 10:58:13.040" endtime="20221115 10:58:13.040"/>
</kw>
<kw name="Append To List" library="Collections">
<arg>${actual_list}</arg>
<arg>${element_text}</arg>
<doc>Adds ``values`` to the end of ``list``.</doc>
<status status="PASS" starttime="20221115 10:58:13.040" endtime="20221115 10:58:13.040"/>
</kw>
<status status="PASS" starttime="20221115 10:58:13.024" endtime="20221115 10:58:13.040"/>
</iter>
<iter>
<var name="${i}">20</var>
<kw name="Get Text" library="SeleniumLibrary">
<var>${element_text}</var>
<arg>xpath=(${SUB_ELEMENT})[${i}]</arg>
<doc>Returns the text value of the element identified by ``locator``.</doc>
<msg timestamp="20221115 10:58:13.055" level="INFO">${element_text} = Grocery</msg>
<status status="PASS" starttime="20221115 10:58:13.040" endtime="20221115 10:58:13.055"/>
</kw>
<kw name="Log" library="BuiltIn">
<arg>${element_text}</arg>
<doc>Logs the given message with the given level.</doc>
<msg timestamp="20221115 10:58:13.055" level="INFO">Grocery</msg>
<status status="PASS" starttime="20221115 10:58:13.055" endtime="20221115 10:58:13.055"/>
</kw>
<kw name="Append To List" library="Collections">
<arg>${actual_list}</arg>
<arg>${element_text}</arg>
<doc>Adds ``values`` to the end of ``list``.</doc>
<status status="PASS" starttime="20221115 10:58:13.055" endtime="20221115 10:58:13.056"/>
</kw>
<status status="PASS" starttime="20221115 10:58:13.040" endtime="20221115 10:58:13.056"/>
</iter>
<iter>
<var name="${i}">21</var>
<kw name="Get Text" library="SeleniumLibrary">
<var>${element_text}</var>
<arg>xpath=(${SUB_ELEMENT})[${i}]</arg>
<doc>Returns the text value of the element identified by ``locator``.</doc>
<msg timestamp="20221115 10:58:13.074" level="INFO">${element_text} = Handmade Products</msg>
<status status="PASS" starttime="20221115 10:58:13.056" endtime="20221115 10:58:13.074"/>
</kw>
<kw name="Log" library="BuiltIn">
<arg>${element_text}</arg>
<doc>Logs the given message with the given level.</doc>
<msg timestamp="20221115 10:58:13.074" level="INFO">Handmade Products</msg>
<status status="PASS" starttime="20221115 10:58:13.074" endtime="20221115 10:58:13.074"/>
</kw>
<kw name="Append To List" library="Collections">
<arg>${actual_list}</arg>
<arg>${element_text}</arg>
<doc>Adds ``values`` to the end of ``list``.</doc>
<status status="PASS" starttime="20221115 10:58:13.074" endtime="20221115 10:58:13.074"/>
</kw>
<status status="PASS" starttime="20221115 10:58:13.056" endtime="20221115 10:58:13.074"/>
</iter>
<iter>
<var name="${i}">22</var>
<kw name="Get Text" library="SeleniumLibrary">
<var>${element_text}</var>
<arg>xpath=(${SUB_ELEMENT})[${i}]</arg>
<doc>Returns the text value of the element identified by ``locator``.</doc>
<msg timestamp="20221115 10:58:13.089" level="INFO">${element_text} = Health &amp; Personal Care</msg>
<status status="PASS" starttime="20221115 10:58:13.074" endtime="20221115 10:58:13.089"/>
</kw>
<kw name="Log" library="BuiltIn">
<arg>${element_text}</arg>
<doc>Logs the given message with the given level.</doc>
<msg timestamp="20221115 10:58:13.090" level="INFO">Health &amp; Personal Care</msg>
<status status="PASS" starttime="20221115 10:58:13.089" endtime="20221115 10:58:13.090"/>
</kw>
<kw name="Append To List" library="Collections">
<arg>${actual_list}</arg>
<arg>${element_text}</arg>
<doc>Adds ``values`` to the end of ``list``.</doc>
<status status="PASS" starttime="20221115 10:58:13.090" endtime="20221115 10:58:13.090"/>
</kw>
<status status="PASS" starttime="20221115 10:58:13.074" endtime="20221115 10:58:13.090"/>
</iter>
<iter>
<var name="${i}">23</var>
<kw name="Get Text" library="SeleniumLibrary">
<var>${element_text}</var>
<arg>xpath=(${SUB_ELEMENT})[${i}]</arg>
<doc>Returns the text value of the element identified by ``locator``.</doc>
<msg timestamp="20221115 10:58:13.105" level="INFO">${element_text} = Home &amp; Kitchen</msg>
<status status="PASS" starttime="20221115 10:58:13.090" endtime="20221115 10:58:13.105"/>
</kw>
<kw name="Log" library="BuiltIn">
<arg>${element_text}</arg>
<doc>Logs the given message with the given level.</doc>
<msg timestamp="20221115 10:58:13.105" level="INFO">Home &amp; Kitchen</msg>
<status status="PASS" starttime="20221115 10:58:13.105" endtime="20221115 10:58:13.105"/>
</kw>
<kw name="Append To List" library="Collections">
<arg>${actual_list}</arg>
<arg>${element_text}</arg>
<doc>Adds ``values`` to the end of ``list``.</doc>
<status status="PASS" starttime="20221115 10:58:13.105" endtime="20221115 10:58:13.105"/>
</kw>
<status status="PASS" starttime="20221115 10:58:13.090" endtime="20221115 10:58:13.105"/>
</iter>
<iter>
<var name="${i}">24</var>
<kw name="Get Text" library="SeleniumLibrary">
<var>${element_text}</var>
<arg>xpath=(${SUB_ELEMENT})[${i}]</arg>
<doc>Returns the text value of the element identified by ``locator``.</doc>
<msg timestamp="20221115 10:58:13.119" level="INFO">${element_text} = Jewellery</msg>
<status status="PASS" starttime="20221115 10:58:13.105" endtime="20221115 10:58:13.119"/>
</kw>
<kw name="Log" library="BuiltIn">
<arg>${element_text}</arg>
<doc>Logs the given message with the given level.</doc>
<msg timestamp="20221115 10:58:13.120" level="INFO">Jewellery</msg>
<status status="PASS" starttime="20221115 10:58:13.119" endtime="20221115 10:58:13.120"/>
</kw>
<kw name="Append To List" library="Collections">
<arg>${actual_list}</arg>
<arg>${element_text}</arg>
<doc>Adds ``values`` to the end of ``list``.</doc>
<status status="PASS" starttime="20221115 10:58:13.120" endtime="20221115 10:58:13.120"/>
</kw>
<status status="PASS" starttime="20221115 10:58:13.105" endtime="20221115 10:58:13.120"/>
</iter>
<iter>
<var name="${i}">25</var>
<kw name="Get Text" library="SeleniumLibrary">
<var>${element_text}</var>
<arg>xpath=(${SUB_ELEMENT})[${i}]</arg>
<doc>Returns the text value of the element identified by ``locator``.</doc>
<msg timestamp="20221115 10:58:13.134" level="INFO">${element_text} = Kindle Store</msg>
<status status="PASS" starttime="20221115 10:58:13.120" endtime="20221115 10:58:13.134"/>
</kw>
<kw name="Log" library="BuiltIn">
<arg>${element_text}</arg>
<doc>Logs the given message with the given level.</doc>
<msg timestamp="20221115 10:58:13.134" level="INFO">Kindle Store</msg>
<status status="PASS" starttime="20221115 10:58:13.134" endtime="20221115 10:58:13.134"/>
</kw>
<kw name="Append To List" library="Collections">
<arg>${actual_list}</arg>
<arg>${element_text}</arg>
<doc>Adds ``values`` to the end of ``list``.</doc>
<status status="PASS" starttime="20221115 10:58:13.134" endtime="20221115 10:58:13.134"/>
</kw>
<status status="PASS" starttime="20221115 10:58:13.120" endtime="20221115 10:58:13.134"/>
</iter>
<iter>
<var name="${i}">26</var>
<kw name="Get Text" library="SeleniumLibrary">
<var>${element_text}</var>
<arg>xpath=(${SUB_ELEMENT})[${i}]</arg>
<doc>Returns the text value of the element identified by ``locator``.</doc>
<msg timestamp="20221115 10:58:13.138" level="INFO">${element_text} = Large Appliances</msg>
<status status="PASS" starttime="20221115 10:58:13.134" endtime="20221115 10:58:13.138"/>
</kw>
<kw name="Log" library="BuiltIn">
<arg>${element_text}</arg>
<doc>Logs the given message with the given level.</doc>
<msg timestamp="20221115 10:58:13.138" level="INFO">Large Appliances</msg>
<status status="PASS" starttime="20221115 10:58:13.138" endtime="20221115 10:58:13.138"/>
</kw>
<kw name="Append To List" library="Collections">
<arg>${actual_list}</arg>
<arg>${element_text}</arg>
<doc>Adds ``values`` to the end of ``list``.</doc>
<status status="PASS" starttime="20221115 10:58:13.138" endtime="20221115 10:58:13.138"/>
</kw>
<status status="PASS" starttime="20221115 10:58:13.134" endtime="20221115 10:58:13.138"/>
</iter>
<iter>
<var name="${i}">27</var>
<kw name="Get Text" library="SeleniumLibrary">
<var>${element_text}</var>
<arg>xpath=(${SUB_ELEMENT})[${i}]</arg>
<doc>Returns the text value of the element identified by ``locator``.</doc>
<msg timestamp="20221115 10:58:13.154" level="INFO">${element_text} = Lighting</msg>
<status status="PASS" starttime="20221115 10:58:13.154" endtime="20221115 10:58:13.154"/>
</kw>
<kw name="Log" library="BuiltIn">
<arg>${element_text}</arg>
<doc>Logs the given message with the given level.</doc>
<msg timestamp="20221115 10:58:13.154" level="INFO">Lighting</msg>
<status status="PASS" starttime="20221115 10:58:13.154" endtime="20221115 10:58:13.154"/>
</kw>
<kw name="Append To List" library="Collections">
<arg>${actual_list}</arg>
<arg>${element_text}</arg>
<doc>Adds ``values`` to the end of ``list``.</doc>
<status status="PASS" starttime="20221115 10:58:13.154" endtime="20221115 10:58:13.154"/>
</kw>
<status status="PASS" starttime="20221115 10:58:13.138" endtime="20221115 10:58:13.154"/>
</iter>
<iter>
<var name="${i}">28</var>
<kw name="Get Text" library="SeleniumLibrary">
<var>${element_text}</var>
<arg>xpath=(${SUB_ELEMENT})[${i}]</arg>
<doc>Returns the text value of the element identified by ``locator``.</doc>
<msg timestamp="20221115 10:58:13.170" level="INFO">${element_text} = Luggage</msg>
<status status="PASS" starttime="20221115 10:58:13.154" endtime="20221115 10:58:13.170"/>
</kw>
<kw name="Log" library="BuiltIn">
<arg>${element_text}</arg>
<doc>Logs the given message with the given level.</doc>
<msg timestamp="20221115 10:58:13.170" level="INFO">Luggage</msg>
<status status="PASS" starttime="20221115 10:58:13.170" endtime="20221115 10:58:13.170"/>
</kw>
<kw name="Append To List" library="Collections">
<arg>${actual_list}</arg>
<arg>${element_text}</arg>
<doc>Adds ``values`` to the end of ``list``.</doc>
<status status="PASS" starttime="20221115 10:58:13.170" endtime="20221115 10:58:13.170"/>
</kw>
<status status="PASS" starttime="20221115 10:58:13.154" endtime="20221115 10:58:13.170"/>
</iter>
<iter>
<var name="${i}">29</var>
<kw name="Get Text" library="SeleniumLibrary">
<var>${element_text}</var>
<arg>xpath=(${SUB_ELEMENT})[${i}]</arg>
<doc>Returns the text value of the element identified by ``locator``.</doc>
<msg timestamp="20221115 10:58:13.185" level="INFO">${element_text} = Magazines</msg>
<status status="PASS" starttime="20221115 10:58:13.170" endtime="20221115 10:58:13.185"/>
</kw>
<kw name="Log" library="BuiltIn">
<arg>${element_text}</arg>
<doc>Logs the given message with the given level.</doc>
<msg timestamp="20221115 10:58:13.185" level="INFO">Magazines</msg>
<status status="PASS" starttime="20221115 10:58:13.185" endtime="20221115 10:58:13.185"/>
</kw>
<kw name="Append To List" library="Collections">
<arg>${actual_list}</arg>
<arg>${element_text}</arg>
<doc>Adds ``values`` to the end of ``list``.</doc>
<status status="PASS" starttime="20221115 10:58:13.185" endtime="20221115 10:58:13.185"/>
</kw>
<status status="PASS" starttime="20221115 10:58:13.170" endtime="20221115 10:58:13.185"/>
</iter>
<iter>
<var name="${i}">30</var>
<kw name="Get Text" library="SeleniumLibrary">
<var>${element_text}</var>
<arg>xpath=(${SUB_ELEMENT})[${i}]</arg>
<doc>Returns the text value of the element identified by ``locator``.</doc>
<msg timestamp="20221115 10:58:13.201" level="INFO">${element_text} = Musical Instruments &amp; DJ</msg>
<status status="PASS" starttime="20221115 10:58:13.185" endtime="20221115 10:58:13.201"/>
</kw>
<kw name="Log" library="BuiltIn">
<arg>${element_text}</arg>
<doc>Logs the given message with the given level.</doc>
<msg timestamp="20221115 10:58:13.201" level="INFO">Musical Instruments &amp; DJ</msg>
<status status="PASS" starttime="20221115 10:58:13.201" endtime="20221115 10:58:13.201"/>
</kw>
<kw name="Append To List" library="Collections">
<arg>${actual_list}</arg>
<arg>${element_text}</arg>
<doc>Adds ``values`` to the end of ``list``.</doc>
<status status="PASS" starttime="20221115 10:58:13.201" endtime="20221115 10:58:13.201"/>
</kw>
<status status="PASS" starttime="20221115 10:58:13.185" endtime="20221115 10:58:13.201"/>
</iter>
<iter>
<var name="${i}">31</var>
<kw name="Get Text" library="SeleniumLibrary">
<var>${element_text}</var>
<arg>xpath=(${SUB_ELEMENT})[${i}]</arg>
<doc>Returns the text value of the element identified by ``locator``.</doc>
<msg timestamp="20221115 10:58:13.216" level="INFO">${element_text} = PC &amp; Video Games</msg>
<status status="PASS" starttime="20221115 10:58:13.201" endtime="20221115 10:58:13.216"/>
</kw>
<kw name="Log" library="BuiltIn">
<arg>${element_text}</arg>
<doc>Logs the given message with the given level.</doc>
<msg timestamp="20221115 10:58:13.216" level="INFO">PC &amp; Video Games</msg>
<status status="PASS" starttime="20221115 10:58:13.216" endtime="20221115 10:58:13.216"/>
</kw>
<kw name="Append To List" library="Collections">
<arg>${actual_list}</arg>
<arg>${element_text}</arg>
<doc>Adds ``values`` to the end of ``list``.</doc>
<status status="PASS" starttime="20221115 10:58:13.216" endtime="20221115 10:58:13.216"/>
</kw>
<status status="PASS" starttime="20221115 10:58:13.201" endtime="20221115 10:58:13.216"/>
</iter>
<iter>
<var name="${i}">32</var>
<kw name="Get Text" library="SeleniumLibrary">
<var>${element_text}</var>
<arg>xpath=(${SUB_ELEMENT})[${i}]</arg>
<doc>Returns the text value of the element identified by ``locator``.</doc>
<msg timestamp="20221115 10:58:13.239" level="INFO">${element_text} = Pet Supplies</msg>
<status status="PASS" starttime="20221115 10:58:13.216" endtime="20221115 10:58:13.239"/>
</kw>
<kw name="Log" library="BuiltIn">
<arg>${element_text}</arg>
<doc>Logs the given message with the given level.</doc>
<msg timestamp="20221115 10:58:13.239" level="INFO">Pet Supplies</msg>
<status status="PASS" starttime="20221115 10:58:13.239" endtime="20221115 10:58:13.239"/>
</kw>
<kw name="Append To List" library="Collections">
<arg>${actual_list}</arg>
<arg>${element_text}</arg>
<doc>Adds ``values`` to the end of ``list``.</doc>
<status status="PASS" starttime="20221115 10:58:13.239" endtime="20221115 10:58:13.239"/>
</kw>
<status status="PASS" starttime="20221115 10:58:13.216" endtime="20221115 10:58:13.239"/>
</iter>
<iter>
<var name="${i}">33</var>
<kw name="Get Text" library="SeleniumLibrary">
<var>${element_text}</var>
<arg>xpath=(${SUB_ELEMENT})[${i}]</arg>
<doc>Returns the text value of the element identified by ``locator``.</doc>
<msg timestamp="20221115 10:58:13.254" level="INFO">${element_text} = Prime Video</msg>
<status status="PASS" starttime="20221115 10:58:13.239" endtime="20221115 10:58:13.254"/>
</kw>
<kw name="Log" library="BuiltIn">
<arg>${element_text}</arg>
<doc>Logs the given message with the given level.</doc>
<msg timestamp="20221115 10:58:13.254" level="INFO">Prime Video</msg>
<status status="PASS" starttime="20221115 10:58:13.254" endtime="20221115 10:58:13.254"/>
</kw>
<kw name="Append To List" library="Collections">
<arg>${actual_list}</arg>
<arg>${element_text}</arg>
<doc>Adds ``values`` to the end of ``list``.</doc>
<status status="PASS" starttime="20221115 10:58:13.254" endtime="20221115 10:58:13.254"/>
</kw>
<status status="PASS" starttime="20221115 10:58:13.239" endtime="20221115 10:58:13.254"/>
</iter>
<iter>
<var name="${i}">34</var>
<kw name="Get Text" library="SeleniumLibrary">
<var>${element_text}</var>
<arg>xpath=(${SUB_ELEMENT})[${i}]</arg>
<doc>Returns the text value of the element identified by ``locator``.</doc>
<msg timestamp="20221115 10:58:13.270" level="INFO">${element_text} = Shoes &amp; Bags</msg>
<status status="PASS" starttime="20221115 10:58:13.254" endtime="20221115 10:58:13.270"/>
</kw>
<kw name="Log" library="BuiltIn">
<arg>${element_text}</arg>
<doc>Logs the given message with the given level.</doc>
<msg timestamp="20221115 10:58:13.270" level="INFO">Shoes &amp; Bags</msg>
<status status="PASS" starttime="20221115 10:58:13.270" endtime="20221115 10:58:13.270"/>
</kw>
<kw name="Append To List" library="Collections">
<arg>${actual_list}</arg>
<arg>${element_text}</arg>
<doc>Adds ``values`` to the end of ``list``.</doc>
<status status="PASS" starttime="20221115 10:58:13.270" endtime="20221115 10:58:13.270"/>
</kw>
<status status="PASS" starttime="20221115 10:58:13.254" endtime="20221115 10:58:13.270"/>
</iter>
<iter>
<var name="${i}">35</var>
<kw name="Get Text" library="SeleniumLibrary">
<var>${element_text}</var>
<arg>xpath=(${SUB_ELEMENT})[${i}]</arg>
<doc>Returns the text value of the element identified by ``locator``.</doc>
<msg timestamp="20221115 10:58:13.286" level="INFO">${element_text} = Software</msg>
<status status="PASS" starttime="20221115 10:58:13.270" endtime="20221115 10:58:13.286"/>
</kw>
<kw name="Log" library="BuiltIn">
<arg>${element_text}</arg>
<doc>Logs the given message with the given level.</doc>
<msg timestamp="20221115 10:58:13.286" level="INFO">Software</msg>
<status status="PASS" starttime="20221115 10:58:13.286" endtime="20221115 10:58:13.286"/>
</kw>
<kw name="Append To List" library="Collections">
<arg>${actual_list}</arg>
<arg>${element_text}</arg>
<doc>Adds ``values`` to the end of ``list``.</doc>
<status status="PASS" starttime="20221115 10:58:13.286" endtime="20221115 10:58:13.286"/>
</kw>
<status status="PASS" starttime="20221115 10:58:13.270" endtime="20221115 10:58:13.286"/>
</iter>
<iter>
<var name="${i}">36</var>
<kw name="Get Text" library="SeleniumLibrary">
<var>${element_text}</var>
<arg>xpath=(${SUB_ELEMENT})[${i}]</arg>
<doc>Returns the text value of the element identified by ``locator``.</doc>
<msg timestamp="20221115 10:58:13.301" level="INFO">${element_text} = Sports &amp; Outdoors</msg>
<status status="PASS" starttime="20221115 10:58:13.286" endtime="20221115 10:58:13.301"/>
</kw>
<kw name="Log" library="BuiltIn">
<arg>${element_text}</arg>
<doc>Logs the given message with the given level.</doc>
<msg timestamp="20221115 10:58:13.301" level="INFO">Sports &amp; Outdoors</msg>
<status status="PASS" starttime="20221115 10:58:13.301" endtime="20221115 10:58:13.301"/>
</kw>
<kw name="Append To List" library="Collections">
<arg>${actual_list}</arg>
<arg>${element_text}</arg>
<doc>Adds ``values`` to the end of ``list``.</doc>
<status status="PASS" starttime="20221115 10:58:13.301" endtime="20221115 10:58:13.301"/>
</kw>
<status status="PASS" starttime="20221115 10:58:13.286" endtime="20221115 10:58:13.301"/>
</iter>
<iter>
<var name="${i}">37</var>
<kw name="Get Text" library="SeleniumLibrary">
<var>${element_text}</var>
<arg>xpath=(${SUB_ELEMENT})[${i}]</arg>
<doc>Returns the text value of the element identified by ``locator``.</doc>
<msg timestamp="20221115 10:58:13.317" level="INFO">${element_text} = Stationery &amp; Office Supplies</msg>
<status status="PASS" starttime="20221115 10:58:13.301" endtime="20221115 10:58:13.317"/>
</kw>
<kw name="Log" library="BuiltIn">
<arg>${element_text}</arg>
<doc>Logs the given message with the given level.</doc>
<msg timestamp="20221115 10:58:13.317" level="INFO">Stationery &amp; Office Supplies</msg>
<status status="PASS" starttime="20221115 10:58:13.317" endtime="20221115 10:58:13.317"/>
</kw>
<kw name="Append To List" library="Collections">
<arg>${actual_list}</arg>
<arg>${element_text}</arg>
<doc>Adds ``values`` to the end of ``list``.</doc>
[...]
<doc>Logs the given message with the given level.</doc>
<msg timestamp="20221115 10:59:42.455" level="INFO">Discover women-owned businesses</msg>
<status status="PASS" starttime="20221115 10:59:42.455" endtime="20221115 10:59:42.455"/>
</kw>
<kw name="Append To List" library="Collections">
<arg>${actual_list}</arg>
<arg>${element_text}</arg>
<doc>Adds ``values`` to the end of ``list``.</doc>
<status status="PASS" starttime="20221115 10:59:42.455" endtime="20221115 10:59:42.455"/>
</kw>
<status status="PASS" starttime="20221115 10:59:42.439" endtime="20221115 10:59:42.455"/>
</iter>
<iter>
<var name="${i}">3</var>
<kw name="Get Text" library="SeleniumLibrary">
<var>${element_text}</var>
<arg>xpath=(${SUB_ELEMENT})[${i}]</arg>
<doc>Returns the text value of the element identified by ``locator``.</doc>
<msg timestamp="20221115 10:59:42.471" level="INFO">${element_text} = Family-owned businesses</msg>
<status status="PASS" starttime="20221115 10:59:42.455" endtime="20221115 10:59:42.471"/>
</kw>
<kw name="Log" library="BuiltIn">
<arg>${element_text}</arg>
<doc>Logs the given message with the given level.</doc>
<msg timestamp="20221115 10:59:42.471" level="INFO">Family-owned businesses</msg>
<status status="PASS" starttime="20221115 10:59:42.471" endtime="20221115 10:59:42.471"/>
</kw>
<kw name="Append To List" library="Collections">
<arg>${actual_list}</arg>
<arg>${element_text}</arg>
<doc>Adds ``values`` to the end of ``list``.</doc>
<status status="PASS" starttime="20221115 10:59:42.471" endtime="20221115 10:59:42.472"/>
</kw>
<status status="PASS" starttime="20221115 10:59:42.455" endtime="20221115 10:59:42.472"/>
</iter>
<iter>
<var name="${i}">4</var>
<kw name="Get Text" library="SeleniumLibrary">
<var>${element_text}</var>
<arg>xpath=(${SUB_ELEMENT})[${i}]</arg>
<doc>Returns the text value of the element identified by ``locator``.</doc>
<msg timestamp="20221115 10:59:42.492" level="INFO">${element_text} = Product innovators</msg>
<status status="PASS" starttime="20221115 10:59:42.472" endtime="20221115 10:59:42.492"/>
</kw>
<kw name="Log" library="BuiltIn">
<arg>${element_text}</arg>
<doc>Logs the given message with the given level.</doc>
<msg timestamp="20221115 10:59:42.492" level="INFO">Product innovators</msg>
<status status="PASS" starttime="20221115 10:59:42.492" endtime="20221115 10:59:42.492"/>
</kw>
<kw name="Append To List" library="Collections">
<arg>${actual_list}</arg>
<arg>${element_text}</arg>
<doc>Adds ``values`` to the end of ``list``.</doc>
<status status="PASS" starttime="20221115 10:59:42.492" endtime="20221115 10:59:42.492"/>
</kw>
<status status="PASS" starttime="20221115 10:59:42.472" endtime="20221115 10:59:42.492"/>
</iter>
<iter>
<var name="${i}">5</var>
<kw name="Get Text" library="SeleniumLibrary">
<var>${element_text}</var>
<arg>xpath=(${SUB_ELEMENT})[${i}]</arg>
<doc>Returns the text value of the element identified by ``locator``.</doc>
<msg timestamp="20221115 10:59:42.510" level="INFO">${element_text} = Sustainable businesses</msg>
<status status="PASS" starttime="20221115 10:59:42.493" endtime="20221115 10:59:42.510"/>
</kw>
<kw name="Log" library="BuiltIn">
<arg>${element_text}</arg>
<doc>Logs the given message with the given level.</doc>
<msg timestamp="20221115 10:59:42.511" level="INFO">Sustainable businesses</msg>
<status status="PASS" starttime="20221115 10:59:42.510" endtime="20221115 10:59:42.511"/>
</kw>
<kw name="Append To List" library="Collections">
<arg>${actual_list}</arg>
<arg>${element_text}</arg>
<doc>Adds ``values`` to the end of ``list``.</doc>
<status status="PASS" starttime="20221115 10:59:42.511" endtime="20221115 10:59:42.511"/>
</kw>
<status status="PASS" starttime="20221115 10:59:42.492" endtime="20221115 10:59:42.511"/>
</iter>
<iter>
<var name="${i}">6</var>
<kw name="Get Text" library="SeleniumLibrary">
<var>${element_text}</var>
<arg>xpath=(${SUB_ELEMENT})[${i}]</arg>
<doc>Returns the text value of the element identified by ``locator``.</doc>
<msg timestamp="20221115 10:59:42.528" level="INFO">${element_text} = </msg>
<status status="PASS" starttime="20221115 10:59:42.511" endtime="20221115 10:59:42.528"/>
</kw>
<kw name="Log" library="BuiltIn">
<arg>${element_text}</arg>
<doc>Logs the given message with the given level.</doc>
<msg timestamp="20221115 10:59:42.528" level="INFO"/>
<status status="PASS" starttime="20221115 10:59:42.528" endtime="20221115 10:59:42.528"/>
</kw>
<kw name="Append To List" library="Collections">
<arg>${actual_list}</arg>
<arg>${element_text}</arg>
<doc>Adds ``values`` to the end of ``list``.</doc>
<status status="PASS" starttime="20221115 10:59:42.528" endtime="20221115 10:59:42.528"/>
</kw>
<status status="PASS" starttime="20221115 10:59:42.511" endtime="20221115 10:59:42.528"/>
</iter>
<status status="PASS" starttime="20221115 10:59:42.421" endtime="20221115 10:59:42.528"/>
</for>
<kw name="Log" library="BuiltIn">
<arg>${actual_list}</arg>
<doc>Logs the given message with the given level.</doc>
<msg timestamp="20221115 10:59:42.528" level="INFO">['Shop Small &amp; Medium Businesses', 'Discover women-owned businesses', 'Family-owned businesses', 'Product innovators', 'Sustainable businesses', '']</msg>
<status status="PASS" starttime="20221115 10:59:42.528" endtime="20221115 10:59:42.529"/>
</kw>
<kw name="Convert To String" library="BuiltIn">
<var>${actual_sub_menu_list}</var>
<arg>${actual_list}</arg>
<doc>Converts the given item to a Unicode string.</doc>
<msg timestamp="20221115 10:59:42.529" level="INFO">${actual_sub_menu_list} = ['Shop Small &amp; Medium Businesses', 'Discover women-owned businesses', 'Family-owned businesses', 'Product innovators', 'Sustainable businesses', '']</msg>
<status status="PASS" starttime="20221115 10:59:42.529" endtime="20221115 10:59:42.529"/>
</kw>
<kw name="Should Be Equal" library="BuiltIn">
<arg>${actual_sub_menu_list}</arg>
<arg>${SUB_MENU_ITEMS}</arg>
<doc>Fails if the given objects are unequal.</doc>
<status status="PASS" starttime="20221115 10:59:42.529" endtime="20221115 10:59:42.529"/>
</kw>
<status status="PASS" starttime="20221115 10:59:42.411" endtime="20221115 10:59:42.529"/>
</kw>
<status status="PASS" starttime="20221115 10:59:40.273" endtime="20221115 10:59:42.529"/>
</kw>
<kw name="End Web Test" library="Common" type="TEARDOWN">
<kw name="Close Browser" library="SeleniumLibrary">
<doc>Closes the current browser.</doc>
<status status="PASS" starttime="20221115 10:59:42.530" endtime="20221115 10:59:44.675"/>
</kw>
<status status="PASS" starttime="20221115 10:59:42.529" endtime="20221115 10:59:44.675"/>
</kw>
<doc>This test case verify that any user is able to see the Amazon main items</doc>
<tag>MainPage</tag>
<tag>Regression</tag>
<tag>Smoke</tag>
<tag>TC_MP_009</tag>
<status status="PASS" starttime="20221115 10:59:35.737" endtime="20221115 10:59:44.675"/>
</test>
<test id="s1-s2-t10" name="Verify sub menu Amazon Business category" line="65">
<kw name="Start Web Test" library="Common" type="SETUP">
<kw name="Open Browser" library="SeleniumLibrary">
<arg>about:blank</arg>
<arg>${BROWSER}</arg>
<doc>Opens a new browser instance to the optional ``url``.</doc>
<msg timestamp="20221115 10:59:44.675" level="INFO">Opening browser 'chrome' to base url 'about:blank'.</msg>
<status status="PASS" starttime="20221115 10:59:44.675" endtime="20221115 10:59:45.847"/>
</kw>
<kw name="Maximize Browser Window" library="SeleniumLibrary">
<doc>Maximizes current browser window.</doc>
<status status="PASS" starttime="20221115 10:59:45.847" endtime="20221115 10:59:45.966"/>
</kw>
<status status="PASS" starttime="20221115 10:59:44.675" endtime="20221115 10:59:45.966"/>
</kw>
<kw name="Page Load By Global User" library="Common">
<kw name="Go To" library="SeleniumLibrary">
<arg>${URL.${ENVIRONMENT}}</arg>
<doc>Navigates the current browser window to the provided ``url``.</doc>
<msg timestamp="20221115 10:59:45.966" level="INFO">Opening url 'https://www.amazon.de/-/en/ref=nav_logo'</msg>
<status status="PASS" starttime="20221115 10:59:45.966" endtime="20221115 10:59:47.757"/>
</kw>
<kw name="Wait Until Page Contains" library="SeleniumLibrary">
<arg>${HELLO_EXPECTED_TEXT}</arg>
<doc>Waits until ``text`` appears on the current page.</doc>
<status status="PASS" starttime="20221115 10:59:47.757" endtime="20221115 10:59:47.776"/>
</kw>
<kw name="Get Text" library="SeleniumLibrary">
<var>${helloActualText}</var>
<arg>${HELLO_ELEMENT}</arg>
<doc>Returns the text value of the element identified by ``locator``.</doc>
<msg timestamp="20221115 10:59:47.813" level="INFO">${helloActualText} = Hello, sign in</msg>
<status status="PASS" starttime="20221115 10:59:47.777" endtime="20221115 10:59:47.813"/>
</kw>
<kw name="Should Be Equal" library="BuiltIn">
<arg>${helloActualText}</arg>
<arg>${HELLO_EXPECTED_TEXT}</arg>
<doc>Fails if the given objects are unequal.</doc>
<status status="PASS" starttime="20221115 10:59:47.813" endtime="20221115 10:59:47.813"/>
</kw>
<kw name="Click Button" library="SeleniumLibrary">
<arg>${ACCEPT_COOKIES}</arg>
<doc>Clicks the button identified by ``locator``.</doc>
<msg timestamp="20221115 10:59:47.814" level="INFO">Clicking button 'id=sp-cc-accept'.</msg>
<status status="PASS" starttime="20221115 10:59:47.813" endtime="20221115 10:59:47.905"/>
</kw>
<kw name="Sleep" library="BuiltIn">
<arg>2s</arg>
<doc>Pauses the test executed for the given time.</doc>
<msg timestamp="20221115 10:59:49.905" level="INFO">Slept 2 seconds</msg>
<status status="PASS" starttime="20221115 10:59:47.905" endtime="20221115 10:59:49.905"/>
</kw>
<status status="PASS" starttime="20221115 10:59:45.966" endtime="20221115 10:59:49.905"/>
</kw>
<kw name="Verify Amazon Business Categories" library="Common">
<kw name="Click Main Menu" library="Common">
<kw name="Click Link" library="SeleniumLibrary">
<arg>${ALL_CATEGORY}</arg>
<doc>Clicks a link identified by ``locator``.</doc>
<msg timestamp="20221115 10:59:49.905" level="INFO">Clicking link 'id=nav-hamburger-menu'.</msg>
<status status="PASS" starttime="20221115 10:59:49.905" endtime="20221115 10:59:49.966"/>
</kw>
<kw name="Wait Until Page Contains" library="SeleniumLibrary">
<arg>${HELLO_EXPECTED_TEXT}</arg>
<doc>Waits until ``text`` appears on the current page.</doc>
<status status="PASS" starttime="20221115 10:59:49.967" endtime="20221115 10:59:49.981"/>
</kw>
<kw name="Sleep" library="BuiltIn">
<arg>2s</arg>
<doc>Pauses the test executed for the given time.</doc>
<msg timestamp="20221115 10:59:51.982" level="INFO">Slept 2 seconds</msg>
<status status="PASS" starttime="20221115 10:59:49.981" endtime="20221115 10:59:51.982"/>
</kw>
<status status="PASS" starttime="20221115 10:59:49.905" endtime="20221115 10:59:51.982"/>
</kw>
<kw name="Click Element" library="SeleniumLibrary">
<arg>${AMAZON_BUSINESS}</arg>
<doc>Click the element identified by ``locator``.</doc>
<msg timestamp="20221115 10:59:51.982" level="INFO">Clicking element 'xpath=//div[text()="Amazon Business"]'.</msg>
<status status="PASS" starttime="20221115 10:59:51.982" endtime="20221115 10:59:52.060"/>
</kw>
<kw name="Wait Until Page Contains" library="SeleniumLibrary">
<arg>amazon business</arg>
<doc>Waits until ``text`` appears on the current page.</doc>
<status status="PASS" starttime="20221115 10:59:52.060" endtime="20221115 10:59:52.085"/>
</kw>
<kw name="Compare Menu Items" library="Common">
<arg>${AMAZON_BUSINESS_SUB_CAT}</arg>
<arg>${AMAZON_BUSINESS_SUB_MENU_ITEMS}</arg>
<kw name="Create List" library="BuiltIn">
<var>${actual_list}</var>
<doc>Returns a list containing given items.</doc>
<msg timestamp="20221115 10:59:52.086" level="INFO">${actual_list} = []</msg>
<status status="PASS" starttime="20221115 10:59:52.085" endtime="20221115 10:59:52.086"/>
</kw>
<kw name="Get Element Count" library="SeleniumLibrary">
<var>${element_count}</var>
<arg>${SUB_ELEMENT}</arg>
<doc>Returns the number of elements matching ``locator``.</doc>
<msg timestamp="20221115 10:59:52.103" level="INFO">${element_count} = 4</msg>
<status status="PASS" starttime="20221115 10:59:52.086" endtime="20221115 10:59:52.103"/>
</kw>
<for flavor="IN RANGE">
<var>${i}</var>
<value>1</value>
<value>${element_count} + 1</value>
<iter>
<var name="${i}">1</var>
<kw name="Get Text" library="SeleniumLibrary">
<var>${element_text}</var>
<arg>xpath=(${SUB_ELEMENT})[${i}]</arg>
<doc>Returns the text value of the element identified by ``locator``.</doc>
<msg timestamp="20221115 10:59:52.124" level="INFO">${element_text} = Amazon for work</msg>
<status status="PASS" starttime="20221115 10:59:52.104" endtime="20221115 10:59:52.124"/>
</kw>
<kw name="Log" library="BuiltIn">
<arg>${element_text}</arg>
<doc>Logs the given message with the given level.</doc>
<msg timestamp="20221115 10:59:52.125" level="INFO">Amazon for work</msg>
<status status="PASS" starttime="20221115 10:59:52.124" endtime="20221115 10:59:52.125"/>
</kw>
<kw name="Append To List" library="Collections">
<arg>${actual_list}</arg>
<arg>${element_text}</arg>
<doc>Adds ``values`` to the end of ``list``.</doc>
<status status="PASS" starttime="20221115 10:59:52.125" endtime="20221115 10:59:52.125"/>
</kw>
<status status="PASS" starttime="20221115 10:59:52.104" endtime="20221115 10:59:52.125"/>
</iter>
<iter>
<var name="${i}">2</var>
<kw name="Get Text" library="SeleniumLibrary">
<var>${element_text}</var>
<arg>xpath=(${SUB_ELEMENT})[${i}]</arg>
<doc>Returns the text value of the element identified by ``locator``.</doc>
<msg timestamp="20221115 10:59:52.145" level="INFO">${element_text} = Downloadable VAT invoices</msg>
<status status="PASS" starttime="20221115 10:59:52.125" endtime="20221115 10:59:52.145"/>
</kw>
<kw name="Log" library="BuiltIn">
<arg>${element_text}</arg>
<doc>Logs the given message with the given level.</doc>
<msg timestamp="20221115 10:59:52.145" level="INFO">Downloadable VAT invoices</msg>
<status status="PASS" starttime="20221115 10:59:52.145" endtime="20221115 10:59:52.145"/>
</kw>
<kw name="Append To List" library="Collections">
<arg>${actual_list}</arg>
<arg>${element_text}</arg>
<doc>Adds ``values`` to the end of ``list``.</doc>
<status status="PASS" starttime="20221115 10:59:52.145" endtime="20221115 10:59:52.146"/>
</kw>
<status status="PASS" starttime="20221115 10:59:52.125" endtime="20221115 10:59:52.146"/>
</iter>
<iter>
<var name="${i}">3</var>
<kw name="Get Text" library="SeleniumLibrary">
<var>${element_text}</var>
<arg>xpath=(${SUB_ELEMENT})[${i}]</arg>
<doc>Returns the text value of the element identified by ``locator``.</doc>
<msg timestamp="20221115 10:59:52.165" level="INFO">${element_text} = Business Prime</msg>
<status status="PASS" starttime="20221115 10:59:52.146" endtime="20221115 10:59:52.165"/>
</kw>
<kw name="Log" library="BuiltIn">
<arg>${element_text}</arg>
<doc>Logs the given message with the given level.</doc>
<msg timestamp="20221115 10:59:52.166" level="INFO">Business Prime</msg>
<status status="PASS" starttime="20221115 10:59:52.166" endtime="20221115 10:59:52.166"/>
</kw>
<kw name="Append To List" library="Collections">
<arg>${actual_list}</arg>
<arg>${element_text}</arg>
<doc>Adds ``values`` to the end of ``list``.</doc>
<status status="PASS" starttime="20221115 10:59:52.166" endtime="20221115 10:59:52.166"/>
</kw>
<status status="PASS" starttime="20221115 10:59:52.146" endtime="20221115 10:59:52.166"/>
</iter>
<iter>
<var name="${i}">4</var>
<kw name="Get Text" library="SeleniumLibrary">
<var>${element_text}</var>
<arg>xpath=(${SUB_ELEMENT})[${i}]</arg>
<doc>Returns the text value of the element identified by ``locator``.</doc>
<msg timestamp="20221115 10:59:52.187" level="INFO">${element_text} = </msg>
<status status="PASS" starttime="20221115 10:59:52.166" endtime="20221115 10:59:52.187"/>
</kw>
<kw name="Log" library="BuiltIn">
<arg>${element_text}</arg>
<doc>Logs the given message with the given level.</doc>
<msg timestamp="20221115 10:59:52.188" level="INFO"/>
<status status="PASS" starttime="20221115 10:59:52.187" endtime="20221115 10:59:52.188"/>
</kw>
<kw name="Append To List" library="Collections">
<arg>${actual_list}</arg>
<arg>${element_text}</arg>
<doc>Adds ``values`` to the end of ``list``.</doc>
<status status="PASS" starttime="20221115 10:59:52.188" endtime="20221115 10:59:52.188"/>
</kw>
<status status="PASS" starttime="20221115 10:59:52.166" endtime="20221115 10:59:52.188"/>
</iter>
<status status="PASS" starttime="20221115 10:59:52.104" endtime="20221115 10:59:52.188"/>
</for>
<kw name="Log" library="BuiltIn">
<arg>${actual_list}</arg>
<doc>Logs the given message with the given level.</doc>
<msg timestamp="20221115 10:59:52.188" level="INFO">['Amazon for work', 'Downloadable VAT invoices', 'Business Prime', '']</msg>
<status status="PASS" starttime="20221115 10:59:52.188" endtime="20221115 10:59:52.188"/>
</kw>
<kw name="Convert To String" library="BuiltIn">
<var>${actual_sub_menu_list}</var>
<arg>${actual_list}</arg>
<doc>Converts the given item to a Unicode string.</doc>
<msg timestamp="20221115 10:59:52.188" level="INFO">${actual_sub_menu_list} = ['Amazon for work', 'Downloadable VAT invoices', 'Business Prime', '']</msg>
<status status="PASS" starttime="20221115 10:59:52.188" endtime="20221115 10:59:52.188"/>
</kw>
<kw name="Should Be Equal" library="BuiltIn">
<arg>${actual_sub_menu_list}</arg>
<arg>${SUB_MENU_ITEMS}</arg>
<doc>Fails if the given objects are unequal.</doc>
<status status="PASS" starttime="20221115 10:59:52.188" endtime="20221115 10:59:52.189"/>
</kw>
<status status="PASS" starttime="20221115 10:59:52.085" endtime="20221115 10:59:52.189"/>
</kw>
<status status="PASS" starttime="20221115 10:59:49.905" endtime="20221115 10:59:52.189"/>
</kw>
<kw name="End Web Test" library="Common" type="TEARDOWN">
<kw name="Close Browser" library="SeleniumLibrary">
<doc>Closes the current browser.</doc>
<status status="PASS" starttime="20221115 10:59:52.190" endtime="20221115 10:59:54.355"/>
</kw>
<status status="PASS" starttime="20221115 10:59:52.189" endtime="20221115 10:59:54.355"/>
</kw>
<doc>This test case verify that any user is able to see the Amazon main items</doc>
<tag>MainPage</tag>
<tag>Regression</tag>
<tag>Smoke</tag>
<tag>TC_MP_010</tag>
<status status="PASS" starttime="20221115 10:59:44.675" endtime="20221115 10:59:54.355"/>
</test>
<doc>This is automation test for AMAZON web site</doc>
<status status="FAIL" starttime="20221115 10:58:25.211" endtime="20221115 10:59:54.355"/>
</suite>
<status status="FAIL" starttime="20221115 10:57:08.160" endtime="20221115 10:59:54.355"/>
</suite>
<statistics>
<total>
<stat pass="16" fail="2" skip="0">All Tests</stat>
</total>
<tag>
<stat pass="7" fail="1" skip="0">BestSellerPage</stat>
<stat pass="9" fail="1" skip="0">MainPage</stat>
<stat pass="16" fail="2" skip="0">Regression</stat>
<stat pass="16" fail="2" skip="0">Smoke</stat>
<stat pass="1" fail="0" skip="0">TC_BS_001</stat>
<stat pass="1" fail="0" skip="0">TC_BS_002</stat>
<stat pass="1" fail="0" skip="0">TC_BS_003</stat>
<stat pass="1" fail="0" skip="0">TC_BS_004</stat>
<stat pass="1" fail="0" skip="0">TC_BS_005</stat>
<stat pass="1" fail="0" skip="0">TC_BS_006</stat>
<stat pass="1" fail="0" skip="0">TC_BS_007</stat>
<stat pass="0" fail="1" skip="0">TC_BS_008</stat>
<stat pass="1" fail="0" skip="0">TC_MP_001</stat>
<stat pass="1" fail="0" skip="0">TC_MP_002</stat>
<stat pass="1" fail="0" skip="0">TC_MP_003</stat>
<stat pass="0" fail="1" skip="0">TC_MP_004</stat>
<stat pass="1" fail="0" skip="0">TC_MP_005</stat>
<stat pass="1" fail="0" skip="0">TC_MP_006</stat>
<stat pass="1" fail="0" skip="0">TC_MP_007</stat>
<stat pass="1" fail="0" skip="0">TC_MP_008</stat>
<stat pass="1" fail="0" skip="0">TC_MP_009</stat>
<stat pass="1" fail="0" skip="0">TC_MP_010</stat>
</tag>
<suite>
<stat pass="16" fail="2" skip="0" id="s1" name="Tests">Tests</stat>
<stat pass="7" fail="1" skip="0" id="s1-s1" name="AmazonBestSellerTest">Tests.AmazonBestSellerTest</stat>
<stat pass="9" fail="1" skip="0" id="s1-s2" name="AmazonMainPageTest">Tests.AmazonMainPageTest</stat>
</suite>
</statistics>
<errors>
</errors>
</robot>
